[2023-06-11 09:03:53,831] root - INFO - Training pipleine config: TrainingPipelineConfig(artifact_dir='C:\\Users\\Sumeet Maheshwari\\Desktop\\end to end project\\Store Sales Forcasting using Time series\\store-sales-forcasting\\Sales_Forecasting_Artifact\\Artifact')
[2023-06-11 09:03:53,831] root - INFO - Data Ingestion config: DataIngestionConfig(raw_data_dir='C:\\Users\\Sumeet Maheshwari\\Desktop\\end to end project\\Store Sales Forcasting using Time series\\store-sales-forcasting\\Sales_Forecasting_Artifact\\Artifact\\data_ingestion\\2023-06-11-09-03-49\\raw_data', ingested_data_dir='C:\\Users\\Sumeet Maheshwari\\Desktop\\end to end project\\Store Sales Forcasting using Time series\\store-sales-forcasting\\Sales_Forecasting_Artifact\\Artifact\\data_ingestion\\2023-06-11-09-03-49\\ingested_data')
[2023-06-11 09:03:53,831] root - INFO - >>>>>>>>>>>>>>>>>>>>>>>>>>>>>>>>>>>>>>>>>>>>>>>>>>>>>>>>>>>>Data Ingestion log started.<<<<<<<<<<<<<<<<<<<<<<<<<<<<<<<<<<<<<<<<<<<<<<<<<<<<<<<<<<<< 


[2023-06-11 09:03:53,977] root - INFO - Data Ingestion Artifact
[2023-06-11 09:03:53,977] root - INFO - File Path : C:\Users\Sumeet Maheshwari\Desktop\dataset\data_dump\data-dump\final.csv
[2023-06-11 09:03:53,977] root - INFO - File Name: final_data.csv
[2023-06-11 09:03:53,977] root - INFO - File Ingested File Path: C:\Users\Sumeet Maheshwari\Desktop\end to end project\Store Sales Forcasting using Time series\store-sales-forcasting\Sales_Forecasting_Artifact\Artifact\data_ingestion\2023-06-11-09-03-49\raw_data\final_data.csv
[2023-06-11 09:03:53,977] root - INFO - >>>>>>>>>>>>>>>>>>>>>>>>>>>>>>>>>>>>>>>>>>>>>>>>>>>>>>>>>>>>Data Validation log started.<<<<<<<<<<<<<<<<<<<<<<<<<<<<<<<<<<<<<<<<<<<<<<<<<<<<<<<<<<<< 


[2023-06-11 09:03:53,977] root - INFO - *****************Ingested data validation Started****************
[2023-06-11 09:03:53,982] root - INFO - Validation Process Started
[2023-06-11 09:03:53,983] root - INFO - Checking filename
[2023-06-11 09:03:53,983] root - INFO - Checking check_column_names
[2023-06-11 09:03:58,631] root - INFO - Checking missing_values_whole_columns
[2023-06-11 09:04:03,346] root - INFO - Checking replacinig_null_values_with_null
[2023-06-11 09:04:11,668] root - INFO - replacinig_null_values_with_null is sucessfully
[2023-06-11 09:04:11,789] root - INFO - Train_set status|is Train filename validated?: True|is train column name validated?: True|whole missing columns?True
[2023-06-11 09:04:11,931] root - INFO - Exported validated  dataset to file: [C:\Users\Sumeet Maheshwari\Desktop\end to end project\Store Sales Forcasting using Time series\store-sales-forcasting\Sales_Forecasting_Artifact\Artifact\data_validation\2023-06-11-09-03-49\validated_data]
[2023-06-11 09:04:11,932] root - INFO - Checking for Data Drift
[2023-06-11 09:04:11,932] root - INFO - Generating data drift report.json file
[2023-06-11 09:04:49,840] root - INFO - Report.json file generation successful!!
[2023-06-11 09:04:50,013] root - INFO - Generating data drift report.html page
[2023-06-11 09:05:38,222] root - INFO - Report.html page generation successful!!
[2023-06-11 09:05:38,405] root - INFO - Data validation artifact: DataValidationArtifact(schema_file_path='C:\\Users\\Sumeet Maheshwari\\Desktop\\end to end project\\Store Sales Forcasting using Time series\\store-sales-forcasting\\config\\schema.yaml', report_file_path='C:\\Users\\Sumeet Maheshwari\\Desktop\\end to end project\\Store Sales Forcasting using Time series\\store-sales-forcasting\\Sales_Forecasting_Artifact\\Artifact\\data_validation\\2023-06-11-09-03-49\\report.json', report_page_file_path='C:\\Users\\Sumeet Maheshwari\\Desktop\\end to end project\\Store Sales Forcasting using Time series\\store-sales-forcasting\\Sales_Forecasting_Artifact\\Artifact\\data_validation\\2023-06-11-09-03-49\\report.html', validated_file_path='C:\\Users\\Sumeet Maheshwari\\Desktop\\end to end project\\Store Sales Forcasting using Time series\\store-sales-forcasting\\Sales_Forecasting_Artifact\\Artifact\\data_validation\\2023-06-11-09-03-49\\validated_data', message='Validated')
[2023-06-11 09:05:38,405] root - INFO - >>>>>>>>>>>>>>>>>>>>>>>>>>>>>>>>>>>>>>>>>>>>>>>>>>>>>>>>>>>>Data Validation log completed.<<<<<<<<<<<<<<<<<<<<<<<<<<<<<<<<<<<<<<<<<<<<<<<<<<<<<<<<<<<<
[2023-06-11 09:05:38,405] root - INFO - Data Transformation Config: DataTransformationConfig(transformed_train_dir='C:\\Users\\Sumeet Maheshwari\\Desktop\\end to end project\\Store Sales Forcasting using Time series\\store-sales-forcasting\\Sales_Forecasting_Artifact\\Artifact\\data_transformation\\2023-06-11-09-03-49\\transformed_data\\train', transformed_test_dir='C:\\Users\\Sumeet Maheshwari\\Desktop\\end to end project\\Store Sales Forcasting using Time series\\store-sales-forcasting\\Sales_Forecasting_Artifact\\Artifact\\data_transformation\\2023-06-11-09-03-49\\transformed_data\\test', time_series_data_file_path='C:\\Users\\Sumeet Maheshwari\\Desktop\\end to end project\\Store Sales Forcasting using Time series\\store-sales-forcasting\\Sales_Forecasting_Artifact\\Artifact\\data_transformation\\2023-06-11-09-03-49\\transformed_data\\time_series_data', preprocessed_object_file_path='C:\\Users\\Sumeet Maheshwari\\Desktop\\end to end project\\Store Sales Forcasting using Time series\\store-sales-forcasting\\Sales_Forecasting_Artifact\\Artifact\\data_transformation\\2023-06-11-09-03-49\\preprocessed\\preprocessed.pkl', feature_engineering_object_file_path='C:\\Users\\Sumeet Maheshwari\\Desktop\\end to end project\\Store Sales Forcasting using Time series\\store-sales-forcasting\\Sales_Forecasting_Artifact\\Artifact\\data_transformation\\2023-06-11-09-03-49\\preprocessed\\feat_eng.pkl')
[2023-06-11 09:05:38,405] root - INFO - 
******************** Data Transformation log started ********************


[2023-06-11 09:05:38,408] root - INFO - Obtaining file from file path 
[2023-06-11 09:05:38,409] root - INFO - Loading Data as pandas dataframe.
[2023-06-11 09:05:42,311] root - INFO -  Data columns Index(['date', 'store_nbr', 'family', 'sales', 'onpromotion', 'holiday_type',
       'locale', 'locale_name', 'description', 'transferred', 'dcoilwtico',
       'city', 'state', 'store_type', 'cluster', 'transactions'],
      dtype='object')
[2023-06-11 09:05:42,312] root - INFO - Numerical columns: ['store_nbr', 'onpromotion', 'oil_price', 'cluster', 'transactions']
[2023-06-11 09:05:42,312] root - INFO - Categorical columns: ['family', 'holiday_type', 'locale', 'locale_name', 'description', 'city', 'state', 'store_type', 'transferred']
[2023-06-11 09:05:42,312] root - INFO - Target Column: ['sales']
[2023-06-11 09:05:42,312] root - INFO - Date column :['date']
[2023-06-11 09:05:42,312] root - INFO - All columns: ['store_nbr', 'onpromotion', 'oil_price', 'cluster', 'transactions', 'family', 'holiday_type', 'locale', 'locale_name', 'description', 'city', 'state', 'store_type', 'transferred', 'date', 'sales']
[2023-06-11 09:05:42,737] root - INFO - Obtaining feature engineering object.
[2023-06-11 09:05:42,737] root - INFO - 
******************** Feature Engneering Started ********************


[2023-06-11 09:05:42,737] root - INFO -  Numerical Columns , Categorical Columns , Target Column initialised in Feature engineering Pipeline 
[2023-06-11 09:05:42,737] root - INFO - Applying feature engineering object on training dataframe and testing dataframe
[2023-06-11 09:05:42,737] root - INFO - >>>>>>>>>>>>>>>>>>>>>>>>>>>>>>>>>>>>>>>>>>>>>>>>>>>>>>>>>>>> Training data <<<<<<<<<<<<<<<<<<<<<<<<<<<<<<<<<<<<<<<<<<<<<<<<<<<<<<<<<<<<
[2023-06-11 09:05:42,737] root - INFO - Feature Enineering - Train Data 
[2023-06-11 09:05:42,737] root - INFO - Columns not found: ['year', 'month', 'week', 'quarter', 'day_of_week']
[2023-06-11 09:05:57,103] root - INFO -  Oil Price column renamed 
[2023-06-11 09:05:57,136] root - INFO -    store_nbr  onpromotion  oil_price  cluster  transactions      family  ...   city      state store_type transferred       date sales
0          1            0        NaN       13           NaN  AUTOMOTIVE  ...  Quito  Pichincha          D       False 2013-01-01   0.0
1          1            0        NaN       13           NaN   BABY CARE  ...  Quito  Pichincha          D       False 2013-01-01   0.0
2          1            0        NaN       13           NaN      BEAUTY  ...  Quito  Pichincha          D       False 2013-01-01   0.0
3          1            0        NaN       13           NaN   BEVERAGES  ...  Quito  Pichincha          D       False 2013-01-01   0.0
4          1            0        NaN       13           NaN       BOOKS  ...  Quito  Pichincha          D       False 2013-01-01   0.0

[5 rows x 16 columns]
[2023-06-11 09:05:59,685] root - INFO - Shape before removing duplicates: (3054348, 16)
[2023-06-11 09:05:59,685] root - INFO - Shape after removing duplicates: (3045438, 16)
[2023-06-11 09:05:59,685] root - INFO - Count of duplicate values: 8910
[2023-06-11 09:06:05,069] root - INFO - Missing ratio information:
[2023-06-11 09:06:05,069] root - INFO - oil_price: 100.00%
[2023-06-11 09:06:05,069] root - INFO - holiday_type: 83.79%
[2023-06-11 09:06:05,069] root - INFO - locale: 83.79%
[2023-06-11 09:06:05,069] root - INFO - locale_name: 83.79%
[2023-06-11 09:06:05,069] root - INFO - transferred: 83.79%
[2023-06-11 09:06:05,069] root - INFO - transactions: 8.16%
[2023-06-11 09:06:05,069] root - INFO - 'id' column not found. Skipping dropping operation.
[2023-06-11 09:06:05,069] root - INFO - Dropping rows with null values...
[2023-06-11 09:06:08,188] root - INFO - Resetting DataFrame index...
[2023-06-11 09:06:08,188] root - INFO - Columns dropped, null values removed, and index reset.
[2023-06-11 09:06:08,188] root - INFO - Handling missing values in 'transactions' column...
[2023-06-11 09:06:08,189] root - INFO - Checking 'oil_price' column for missing values...
[2023-06-11 09:06:08,189] root - INFO - Number of missing values: 0
[2023-06-11 09:06:08,189] root - INFO - Forward-filling missing values in 'oil_price' column...
[2023-06-11 09:06:08,189] root - INFO - Number of missing values after filling: 0
[2023-06-11 09:06:08,191] root - INFO - Series([], Name: holiday_type, dtype: object)
[2023-06-11 09:06:08,191] root - INFO - Filling missing values in 'holiday_type' column with mode...
[2023-06-11 09:06:08,191] root - INFO - Filling missing values in 'locale' column with mode...
[2023-06-11 09:06:08,191] root - INFO - Filling missing values in 'locale_name' column with mode...
[2023-06-11 09:06:08,191] root - INFO - Filling missing values in 'description' column with mode...
[2023-06-11 09:06:08,191] root - INFO - Filling missing values in 'transferred' column with mode...
[2023-06-11 09:06:08,191] root - INFO - Missing values handled.
[2023-06-11 09:06:08,191] root - INFO - Removing outliers in column 'transactions' using IQR method...
[2023-06-11 09:06:08,192] root - INFO - Number of outliers removed in column 'transactions': 0
[2023-06-11 09:06:08,192] root - INFO - Column 'transactions' modified: 0 outliers modified
[2023-06-11 09:06:08,193] root - INFO - Column 'family' converted to 'category' data type.
[2023-06-11 09:06:08,195] root - INFO - Column 'holiday_type' converted to 'category' data type.
[2023-06-11 09:06:08,195] root - INFO - Column 'locale' converted to 'category' data type.
[2023-06-11 09:06:08,195] root - INFO - Column 'locale_name' converted to 'category' data type.
[2023-06-11 09:06:08,195] root - INFO - Column 'description' converted to 'category' data type.
[2023-06-11 09:06:08,196] root - INFO - Column 'city' converted to 'category' data type.
[2023-06-11 09:06:08,196] root - INFO - Column 'state' converted to 'category' data type.
[2023-06-11 09:06:08,197] root - INFO - Column 'store_type' converted to 'category' data type.
[2023-06-11 09:06:08,198] root - INFO - Column 'transferred' converted to 'category' data type.
[2023-06-11 09:06:08,204] root - INFO - Mapping unique values of categorical columns:
[2023-06-11 09:06:08,206] root - INFO - Column: 'family', Unique Values: [], Categories (0, object): []
[2023-06-11 09:06:08,207] root - INFO - Column: 'holiday_type', Unique Values: [], Categories (0, object): []
[2023-06-11 09:06:08,208] root - INFO - Column: 'locale', Unique Values: [], Categories (0, object): []
[2023-06-11 09:06:08,209] root - INFO - Column: 'locale_name', Unique Values: [], Categories (0, object): []
[2023-06-11 09:06:08,210] root - INFO - Column: 'description', Unique Values: [], Categories (0, object): []
[2023-06-11 09:06:08,211] root - INFO - Column: 'city', Unique Values: [], Categories (0, object): []
[2023-06-11 09:06:08,212] root - INFO - Column: 'state', Unique Values: [], Categories (0, object): []
[2023-06-11 09:06:08,214] root - INFO - Column: 'store_type', Unique Values: [], Categories (0, object): []
[2023-06-11 09:06:08,215] root - INFO - Column: 'transferred', Unique Values: [], Categories (0, object): []
[2023-06-11 09:06:08,216] root - INFO - Empty DataFrame
Columns: [store_nbr, onpromotion, oil_price, cluster, transactions, family, holiday_type, locale, locale_name, description, city, state, store_type, transferred, date, sales]
Index: []
[2023-06-11 09:06:08,216] root - INFO -  Data Modification Done
[2023-06-11 09:06:08,217] root - INFO - Column Data Types:
[2023-06-11 09:06:08,217] root - INFO - Column: 'store_nbr': int64
[2023-06-11 09:06:08,217] root - INFO - Column: 'onpromotion': int64
[2023-06-11 09:06:08,217] root - INFO - Column: 'oil_price': float64
[2023-06-11 09:06:08,217] root - INFO - Column: 'cluster': int64
[2023-06-11 09:06:08,217] root - INFO - Column: 'transactions': float64
[2023-06-11 09:06:08,217] root - INFO - Column: 'family': category
[2023-06-11 09:06:08,217] root - INFO - Column: 'holiday_type': category
[2023-06-11 09:06:08,217] root - INFO - Column: 'locale': category
[2023-06-11 09:06:08,217] root - INFO - Column: 'locale_name': category
[2023-06-11 09:06:08,217] root - INFO - Column: 'description': category
[2023-06-11 09:06:08,217] root - INFO - Column: 'city': category
[2023-06-11 09:06:08,219] root - INFO - Column: 'state': category
[2023-06-11 09:06:08,219] root - INFO - Column: 'store_type': category
[2023-06-11 09:06:08,219] root - INFO - Column: 'transferred': category
[2023-06-11 09:06:08,219] root - INFO - Column: 'date': datetime64[ns]
[2023-06-11 09:06:08,219] root - INFO - Column: 'sales': float64
[2023-06-11 09:06:08,219] root - INFO - Data Wrangling Done
[2023-06-11 09:06:08,220] root - INFO - Converting featured engineered array into dataframe.
[2023-06-11 09:06:08,221] root - INFO - Feature Engineering - Train Completed
[2023-06-11 09:06:08,222] root - ERROR - 
                        error occured in script: 
                        [C:\Users\Sumeet Maheshwari\Desktop\end to end project\Store Sales Forcasting using Time series\store-sales-forcasting\store_sales\pipeline\training_pipeline.py] at 
                        try block line number: [72] execption block line number: [78]
                        error message: [
                        error occured in script: 
                        [C:\Users\Sumeet Maheshwari\Desktop\end to end project\Store Sales Forcasting using Time series\store-sales-forcasting\store_sales\pipeline\training_pipeline.py] at 
                        try block line number: [62] execption block line number: [64]
                        error message: [
                        error occured in script: 
                        [C:\Users\Sumeet Maheshwari\Desktop\end to end project\Store Sales Forcasting using Time series\store-sales-forcasting\store_sales\components\data_transformation.py] at 
                        try block line number: [496] execption block line number: [560]
                        error message: [With n_samples=0, test_size=0.2 and train_size=None, the resulting train set will be empty. Adjust any of the aforementioned parameters.]]]
[2023-06-11 09:06:08,371] root - INFO - 
******************** Data Transformation log completed ********************


