[2023-06-12 09:50:52,655] root - INFO - Training pipleine config: TrainingPipelineConfig(artifact_dir='C:\\Users\\Sumeet Maheshwari\\Desktop\\end to end project\\Store Sales Forcasting using Time series\\store-sales-forcasting\\Sales_Forecasting_Artifact\\Artifact')
[2023-06-12 09:50:52,656] root - INFO - Data Ingestion config: DataIngestionConfig(raw_data_dir='C:\\Users\\Sumeet Maheshwari\\Desktop\\end to end project\\Store Sales Forcasting using Time series\\store-sales-forcasting\\Sales_Forecasting_Artifact\\Artifact\\data_ingestion\\2023-06-12-09-50-46\\raw_data', ingested_data_dir='C:\\Users\\Sumeet Maheshwari\\Desktop\\end to end project\\Store Sales Forcasting using Time series\\store-sales-forcasting\\Sales_Forecasting_Artifact\\Artifact\\data_ingestion\\2023-06-12-09-50-46\\ingested_data')
[2023-06-12 09:50:52,656] root - INFO - >>>>>>>>>>>>>>>>>>>>>>>>>>>>>>>>>>>>>>>>>>>>>>>>>>>>>>>>>>>>Data Ingestion log started.<<<<<<<<<<<<<<<<<<<<<<<<<<<<<<<<<<<<<<<<<<<<<<<<<<<<<<<<<<<< 


[2023-06-12 09:50:53,081] root - INFO - Data Ingestion Artifact
[2023-06-12 09:50:53,081] root - INFO - File Path : C:\Users\Sumeet Maheshwari\Desktop\Store sales Forecasting (2)\Jup_Notebook\Merged_dataset\outlier_clean.csv
[2023-06-12 09:50:53,081] root - INFO - File Name: final_data.csv
[2023-06-12 09:50:53,081] root - INFO - File Ingested File Path: C:\Users\Sumeet Maheshwari\Desktop\end to end project\Store Sales Forcasting using Time series\store-sales-forcasting\Sales_Forecasting_Artifact\Artifact\data_ingestion\2023-06-12-09-50-46\raw_data\final_data.csv
[2023-06-12 09:50:53,081] root - INFO - >>>>>>>>>>>>>>>>>>>>>>>>>>>>>>>>>>>>>>>>>>>>>>>>>>>>>>>>>>>>Data Validation log started.<<<<<<<<<<<<<<<<<<<<<<<<<<<<<<<<<<<<<<<<<<<<<<<<<<<<<<<<<<<< 


[2023-06-12 09:50:53,081] root - INFO - *****************Ingested data validation Started****************
[2023-06-12 09:50:53,087] root - INFO - Validation Process Started
[2023-06-12 09:50:53,087] root - INFO - Checking filename
[2023-06-12 09:50:53,087] root - INFO - Checking check_column_names
[2023-06-12 09:51:00,197] root - INFO - Checking missing_values_whole_columns
[2023-06-12 09:51:11,577] root - INFO - Checking replacinig_null_values_with_null
[2023-06-12 09:51:26,855] root - INFO - replacinig_null_values_with_null is sucessfully
[2023-06-12 09:51:26,996] root - INFO - Train_set status|is Train filename validated?: True|is train column name validated?: True|whole missing columns?True
[2023-06-12 09:51:27,372] root - INFO - Exported validated  dataset to file: [C:\Users\Sumeet Maheshwari\Desktop\end to end project\Store Sales Forcasting using Time series\store-sales-forcasting\Sales_Forecasting_Artifact\Artifact\data_validation\2023-06-12-09-50-46\validated_data]
[2023-06-12 09:51:27,373] root - INFO - Checking for Data Drift
[2023-06-12 09:51:27,373] root - INFO - Generating data drift report.json file
[2023-06-12 09:52:55,433] root - INFO - Report.json file generation successful!!
[2023-06-12 09:52:55,554] root - INFO - Generating data drift report.html page
[2023-06-12 09:54:47,799] root - INFO - Report.html page generation successful!!
[2023-06-12 09:54:47,947] root - INFO - Data validation artifact: DataValidationArtifact(schema_file_path='C:\\Users\\Sumeet Maheshwari\\Desktop\\end to end project\\Store Sales Forcasting using Time series\\store-sales-forcasting\\config\\schema.yaml', report_file_path='C:\\Users\\Sumeet Maheshwari\\Desktop\\end to end project\\Store Sales Forcasting using Time series\\store-sales-forcasting\\Sales_Forecasting_Artifact\\Artifact\\data_validation\\2023-06-12-09-50-46\\report.json', report_page_file_path='C:\\Users\\Sumeet Maheshwari\\Desktop\\end to end project\\Store Sales Forcasting using Time series\\store-sales-forcasting\\Sales_Forecasting_Artifact\\Artifact\\data_validation\\2023-06-12-09-50-46\\report.html', validated_file_path='C:\\Users\\Sumeet Maheshwari\\Desktop\\end to end project\\Store Sales Forcasting using Time series\\store-sales-forcasting\\Sales_Forecasting_Artifact\\Artifact\\data_validation\\2023-06-12-09-50-46\\validated_data', message='Validated')
[2023-06-12 09:54:47,948] root - INFO - >>>>>>>>>>>>>>>>>>>>>>>>>>>>>>>>>>>>>>>>>>>>>>>>>>>>>>>>>>>>Data Validation log completed.<<<<<<<<<<<<<<<<<<<<<<<<<<<<<<<<<<<<<<<<<<<<<<<<<<<<<<<<<<<<
[2023-06-12 09:54:47,948] root - INFO - Data Transformation Config: DataTransformationConfig(transformed_train_dir='C:\\Users\\Sumeet Maheshwari\\Desktop\\end to end project\\Store Sales Forcasting using Time series\\store-sales-forcasting\\Sales_Forecasting_Artifact\\Artifact\\data_transformation\\2023-06-12-09-50-46\\transformed_data\\train', transformed_test_dir='C:\\Users\\Sumeet Maheshwari\\Desktop\\end to end project\\Store Sales Forcasting using Time series\\store-sales-forcasting\\Sales_Forecasting_Artifact\\Artifact\\data_transformation\\2023-06-12-09-50-46\\transformed_data\\test', time_series_data_file_path='C:\\Users\\Sumeet Maheshwari\\Desktop\\end to end project\\Store Sales Forcasting using Time series\\store-sales-forcasting\\Sales_Forecasting_Artifact\\Artifact\\data_transformation\\2023-06-12-09-50-46\\transformed_data\\time_series_data', preprocessed_object_file_path='C:\\Users\\Sumeet Maheshwari\\Desktop\\end to end project\\Store Sales Forcasting using Time series\\store-sales-forcasting\\Sales_Forecasting_Artifact\\Artifact\\data_transformation\\2023-06-12-09-50-46\\preprocessed\\preprocessed.pkl', feature_engineering_object_file_path='C:\\Users\\Sumeet Maheshwari\\Desktop\\end to end project\\Store Sales Forcasting using Time series\\store-sales-forcasting\\Sales_Forecasting_Artifact\\Artifact\\data_transformation\\2023-06-12-09-50-46\\preprocessed\\feat_eng.pkl')
[2023-06-12 09:54:47,948] root - INFO - 
******************** Data Transformation log started ********************


[2023-06-12 09:54:47,954] root - INFO - Obtaining file from file path 
[2023-06-12 09:54:47,954] root - INFO - Loading Data as pandas dataframe.
[2023-06-12 09:54:57,600] root - INFO -  Data columns Index(['date', 'store_nbr', 'family', 'sales', 'onpromotion', 'holiday_type',
       'locale', 'locale_name', 'description', 'transferred', 'oil_price',
       'city', 'state', 'store_type', 'cluster', 'transactions', 'year',
       'month', 'week', 'quarter', 'day_of_week'],
      dtype='object')
[2023-06-12 09:54:57,601] root - INFO - Numerical columns: ['store_nbr', 'onpromotion', 'oil_price', 'cluster', 'transactions']
[2023-06-12 09:54:57,601] root - INFO - Categorical columns: ['family', 'holiday_type', 'locale', 'locale_name', 'description', 'city', 'state', 'store_type', 'transferred']
[2023-06-12 09:54:57,601] root - INFO - Target Column: ['sales']
[2023-06-12 09:54:57,601] root - INFO - Date column :['date']
[2023-06-12 09:54:57,601] root - INFO - All columns: ['store_nbr', 'onpromotion', 'oil_price', 'cluster', 'transactions', 'family', 'holiday_type', 'locale', 'locale_name', 'description', 'city', 'state', 'store_type', 'transferred', 'date', 'sales']
[2023-06-12 09:54:58,283] root - INFO - Obtaining feature engineering object.
[2023-06-12 09:54:58,283] root - INFO - 
******************** Feature Engneering Started ********************


[2023-06-12 09:54:58,283] root - INFO -  Numerical Columns , Categorical Columns , Target Column initialised in Feature engineering Pipeline 
[2023-06-12 09:54:58,283] root - INFO - <class 'sklearn.pipeline.Pipeline'>
[2023-06-12 09:54:58,283] root - INFO - Feature engineering object droping unwanted columns
[2023-06-12 09:54:58,284] root - INFO - Applying feature engineering object on training dataframe and testing dataframe
[2023-06-12 09:54:58,284] root - INFO - >>>>>>>>>>>>>>>>>>>>>>>>>>>>>>>>>>>>>>>>>>>>>>>>>>>>>>>>>>>> Training data <<<<<<<<<<<<<<<<<<<<<<<<<<<<<<<<<<<<<<<<<<<<<<<<<<<<<<<<<<<<
[2023-06-12 09:54:58,284] root - INFO - Feature Enineering - Train Data 
[2023-06-12 09:54:58,284] root - INFO - Columns not found: ['year', 'month', 'week', 'quarter', 'day_of_week']
[2023-06-12 09:54:59,214] root - INFO -  Oil Price column renamed 
[2023-06-12 09:54:59,246] root - INFO -    store_nbr  onpromotion  oil_price  cluster  transactions  ...      state store_type transferred       date sales
0          1            0      93.14       13   1697.071441  ...  Pichincha          D       False 2013-01-01   0.0
1          1            0      93.14       13   1697.071441  ...  Pichincha          D       False 2013-01-01   0.0
2          1            0      93.14       13   1697.071441  ...  Pichincha          D       False 2013-01-01   0.0
3          1            0      93.14       13   1697.071441  ...  Pichincha          D       False 2013-01-01   0.0
4          1            0      93.14       13   1697.071441  ...  Pichincha          D       False 2013-01-01   0.0

[5 rows x 16 columns]
[2023-06-12 09:55:02,816] root - INFO - Shape before removing duplicates: (3054348, 16)
[2023-06-12 09:55:02,816] root - INFO - Shape after removing duplicates: (3054348, 16)
[2023-06-12 09:55:02,817] root - INFO - Count of duplicate values: 0
[2023-06-12 09:55:05,408] root - INFO - No missing values found in the dataframe.
[2023-06-12 09:55:05,408] root - INFO - 'id' column not found. Skipping dropping operation.
[2023-06-12 09:55:05,408] root - INFO - Dropping rows with null values...
[2023-06-12 09:55:05,408] root - INFO - Resetting DataFrame index...
[2023-06-12 09:55:05,408] root - INFO - Columns dropped, null values removed, and index reset.
[2023-06-12 09:55:05,422] root - INFO - Top 5 rows of df: 
    store_nbr  onpromotion  oil_price  cluster  transactions  ...      state store_type transferred       date sales
0          1            0      93.14       13   1697.071441  ...  Pichincha          D       False 2013-01-01   0.0
1          1            0      93.14       13   1697.071441  ...  Pichincha          D       False 2013-01-01   0.0
2          1            0      93.14       13   1697.071441  ...  Pichincha          D       False 2013-01-01   0.0
3          1            0      93.14       13   1697.071441  ...  Pichincha          D       False 2013-01-01   0.0
4          1            0      93.14       13   1697.071441  ...  Pichincha          D       False 2013-01-01   0.0

[5 rows x 16 columns]
[2023-06-12 09:55:05,422] root - INFO - Handling missing values in 'transactions' column...
[2023-06-12 09:55:05,461] root - INFO - Checking 'oil_price' column for missing values...
[2023-06-12 09:55:05,468] root - INFO - Number of missing values: 0
[2023-06-12 09:55:05,468] root - INFO - interpolate missing values in 'oil_price' column...
[2023-06-12 09:55:05,497] root - INFO - Number of missing values after filling: 0
[2023-06-12 09:55:05,632] root - INFO - 0    Holiday
Name: holiday_type, dtype: object
[2023-06-12 09:55:05,632] root - INFO - Filling missing values in 'holiday_type' column with mode...
[2023-06-12 09:55:05,849] root - INFO - Filling missing values in 'locale' column with mode...
[2023-06-12 09:55:06,134] root - INFO - Filling missing values in 'locale_name' column with mode...
[2023-06-12 09:55:06,453] root - INFO - Filling missing values in 'description' column with mode...
[2023-06-12 09:55:06,749] root - INFO - Filling missing values in 'transferred' column with mode...
[2023-06-12 09:55:06,768] root - INFO - Missing values handled.
[2023-06-12 09:55:07,030] root - INFO - Column 'family' converted to 'category' data type.
[2023-06-12 09:55:07,296] root - INFO - Column 'holiday_type' converted to 'category' data type.
[2023-06-12 09:55:07,494] root - INFO - Column 'locale' converted to 'category' data type.
[2023-06-12 09:55:07,675] root - INFO - Column 'locale_name' converted to 'category' data type.
[2023-06-12 09:55:07,864] root - INFO - Column 'description' converted to 'category' data type.
[2023-06-12 09:55:08,024] root - INFO - Column 'city' converted to 'category' data type.
[2023-06-12 09:55:08,185] root - INFO - Column 'state' converted to 'category' data type.
[2023-06-12 09:55:08,282] root - INFO - Column 'store_type' converted to 'category' data type.
[2023-06-12 09:55:08,325] root - INFO - Column 'transferred' converted to 'category' data type.
[2023-06-12 09:55:08,325] root - INFO - Dropping unwanted columns form dataframe
[2023-06-12 09:55:51,976] root - INFO - Mapping unique values of categorical columns:
[2023-06-12 09:55:52,026] root - INFO - Column: 'family', Unique Values: ['AUTOMOTIVE', 'BABY CARE', 'BEAUTY', 'BEVERAGES', 'BOOKS', ..., 'POULTRY', 'PREPARED FOODS', 'PRODUCE', 'SCHOOL AND OFFICE SUPPLIES', 'SEAFOOD']
Length: 33
Categories (33, object): ['AUTOMOTIVE', 'BABY CARE', 'BEAUTY', 'BEVERAGES', ..., 'PREPARED FOODS',
                          'PRODUCE', 'SCHOOL AND OFFICE SUPPLIES', 'SEAFOOD']
[2023-06-12 09:55:52,089] root - INFO - Column: 'holiday_type', Unique Values: ['Holiday', 'Work Day', 'Additional', 'Event', 'Transfer', 'Bridge']
Categories (6, object): ['Additional', 'Bridge', 'Event', 'Holiday', 'Transfer', 'Work Day']
[2023-06-12 09:55:52,134] root - INFO - Column: 'store_type', Unique Values: ['D', 'C', 'B', 'E', 'A']
Categories (5, object): ['A', 'B', 'C', 'D', 'E']
[2023-06-12 09:55:52,148] root - INFO -    store_nbr  onpromotion  oil_price  cluster  transactions family holiday_type store_type       date  sales
0          1            0      93.14       13   1697.071441      0            0          0 2013-01-01    0.0
1          1            0      93.14       13   1697.071441      1            0          0 2013-01-01    0.0
2          1            0      93.14       13   1697.071441      2            0          0 2013-01-01    0.0
3          1            0      93.14       13   1697.071441      3            0          0 2013-01-01    0.0
4          1            0      93.14       13   1697.071441      4            0          0 2013-01-01    0.0
[2023-06-12 09:55:52,148] root - INFO -  Data Modification Done
[2023-06-12 09:55:52,149] root - INFO - Column Data Types:
[2023-06-12 09:55:52,149] root - INFO - Column: 'store_nbr': int64
[2023-06-12 09:55:52,149] root - INFO - Column: 'onpromotion': int64
[2023-06-12 09:55:52,150] root - INFO - Column: 'oil_price': float64
[2023-06-12 09:55:52,150] root - INFO - Column: 'cluster': int64
[2023-06-12 09:55:52,150] root - INFO - Column: 'transactions': float64
[2023-06-12 09:55:52,150] root - INFO - Column: 'family': category
[2023-06-12 09:55:52,150] root - INFO - Column: 'holiday_type': category
[2023-06-12 09:55:52,151] root - INFO - Column: 'store_type': category
[2023-06-12 09:55:52,151] root - INFO - Column: 'date': datetime64[ns]
[2023-06-12 09:55:52,151] root - INFO - Column: 'sales': float64
[2023-06-12 09:55:52,321] root - INFO - Data Wrangling Done
[2023-06-12 09:55:59,403] root - INFO - Converting featured engineered array into dataframe.
[2023-06-12 09:56:01,549] root - INFO - Feature Engineering - Train Completed
[2023-06-12 09:56:01,550] root - INFO - Index(['store_nbr', 'onpromotion', 'oil_price', 'cluster', 'transactions',
       'family', 'holiday_type', 'locale', 'locale_name', 'description',
       'city', 'state', 'store_type', 'transferred', 'date', 'sales'],
      dtype='object')
[2023-06-12 09:56:04,078] root - INFO -  X_Train_Shape :(2443478, 8) Y_Train_Shape : (2443478, 1)
[2023-06-12 09:56:04,078] root - INFO -  X_Test_Shape :(610870, 8) Y_Test_Shape : (610870, 1)
[2023-06-12 09:56:04,078] root - INFO - Input Columns in Split data : Index(['store_nbr', 'onpromotion', 'oil_price', 'cluster', 'transactions',
       'family', 'holiday_type', 'store_type'],
      dtype='object')| Target Column Index(['sales'], dtype='object')
[2023-06-12 09:56:04,078] root - INFO - Applying preprocessing object on training dataframe and testing dataframe
[2023-06-12 09:56:04,078] root - INFO - Creating Data Transformer Object
[2023-06-12 09:56:14,206] root - INFO - Saving Transformed Train and Transformed test file
[2023-06-12 09:56:53,331] root - INFO - Transformed Train and Transformed test file saved
[2023-06-12 09:56:53,331] root - INFO - Saving Feature Engineering Object
[2023-06-12 09:56:53,334] root - INFO - Saving Preprocessing Object
[2023-06-12 09:56:53,341] root - INFO - Data Transformation Artifact: DataTransformationArtifact(message='Data transformation successfull.', transformed_train_file_path='C:\\Users\\Sumeet Maheshwari\\Desktop\\end to end project\\Store Sales Forcasting using Time series\\store-sales-forcasting\\Sales_Forecasting_Artifact\\Artifact\\data_transformation\\2023-06-12-09-50-46\\transformed_data\\train\\transformed_train.csv', transformed_test_file_path='C:\\Users\\Sumeet Maheshwari\\Desktop\\end to end project\\Store Sales Forcasting using Time series\\store-sales-forcasting\\Sales_Forecasting_Artifact\\Artifact\\data_transformation\\2023-06-12-09-50-46\\transformed_data\\test\\transformed_test.csv', time_series_data_file_path='C:\\Users\\Sumeet Maheshwari\\Desktop\\end to end project\\Store Sales Forcasting using Time series\\store-sales-forcasting\\Sales_Forecasting_Artifact\\Artifact\\data_transformation\\2023-06-12-09-50-46\\transformed_data\\time_series_data\\time_series_data.csv', preprocessed_object_file_path='C:\\Users\\Sumeet Maheshwari\\Desktop\\end to end project\\Store Sales Forcasting using Time series\\store-sales-forcasting\\Sales_Forecasting_Artifact\\Artifact\\data_transformation\\2023-06-12-09-50-46\\preprocessed\\preprocessed.pkl', feature_engineering_object_file_path='C:\\Users\\Sumeet Maheshwari\\Desktop\\end to end project\\Store Sales Forcasting using Time series\\store-sales-forcasting\\Sales_Forecasting_Artifact\\Artifact\\data_transformation\\2023-06-12-09-50-46\\preprocessed\\feat_eng.pkl')
[2023-06-12 09:56:54,780] root - INFO - 
******************** Data Transformation log completed ********************


[2023-06-12 09:56:54,781] root - INFO - Model Trainer Config : ModelTrainerConfig(trained_model_file_path='C:\\Users\\Sumeet Maheshwari\\Desktop\\end to end project\\Store Sales Forcasting using Time series\\store-sales-forcasting\\Sales_Forecasting_Artifact\\Artifact\\model_training\\2023-06-12-09-50-46\\trained_model\\model.pkl')
[2023-06-12 09:56:54,781] root - INFO - 
******************** Model Training started ********************


[2023-06-12 09:56:54,781] root - INFO - Finding transformed Training and Test
[2023-06-12 09:56:54,781] root - INFO - Transformed Data found!!! Now, converting it into dataframe
[2023-06-12 09:56:57,781] root - INFO - Splitting Input features and Target Feature for train and test data
[2023-06-12 09:56:57,838] root - INFO - Best Model Finder function called
[2023-06-12 09:56:57,838] root - ERROR - 
                        error occured in script: 
                        [C:\Users\Sumeet Maheshwari\Desktop\end to end project\Store Sales Forcasting using Time series\store-sales-forcasting\store_sales\pipeline\training_pipeline.py] at 
                        try block line number: [93] execption block line number: [98]
                        error message: [
                        error occured in script: 
                        [C:\Users\Sumeet Maheshwari\Desktop\end to end project\Store Sales Forcasting using Time series\store-sales-forcasting\store_sales\pipeline\training_pipeline.py] at 
                        try block line number: [72] execption block line number: [74]
                        error message: [
                        error occured in script: 
                        [C:\Users\Sumeet Maheshwari\Desktop\end to end project\Store Sales Forcasting using Time series\store-sales-forcasting\store_sales\components\model_trainer.py] at 
                        try block line number: [155] execption block line number: [172]
                        error message: [not enough values to unpack (expected 2, got 1)]]]
[2023-06-12 09:56:57,865] root - INFO - 
******************** Model Training log completed ********************


