[2023-06-10 09:42:16,956] root - INFO - Training pipleine config: TrainingPipelineConfig(artifact_dir='C:\\Users\\Sumeet Maheshwari\\Desktop\\end to end project\\Store Sales Forcasting using Time series\\store-sales-forcasting\\Sales_Forecasting_Artifact\\Artifact')
[2023-06-10 09:42:16,957] root - INFO - Data Ingestion config: DataIngestionConfig(raw_data_dir='C:\\Users\\Sumeet Maheshwari\\Desktop\\end to end project\\Store Sales Forcasting using Time series\\store-sales-forcasting\\Sales_Forecasting_Artifact\\Artifact\\data_ingestion\\2023-06-10-09-42-11\\raw_data', ingested_data_dir='C:\\Users\\Sumeet Maheshwari\\Desktop\\end to end project\\Store Sales Forcasting using Time series\\store-sales-forcasting\\Sales_Forecasting_Artifact\\Artifact\\data_ingestion\\2023-06-10-09-42-11\\ingested_data')
[2023-06-10 09:42:16,957] root - INFO - >>>>>>>>>>>>>>>>>>>>>>>>>>>>>>>>>>>>>>>>>>>>>>>>>>>>>>>>>>>>Data Ingestion log started.<<<<<<<<<<<<<<<<<<<<<<<<<<<<<<<<<<<<<<<<<<<<<<<<<<<<<<<<<<<< 


[2023-06-10 09:42:17,130] root - INFO - Data Ingestion Artifact
[2023-06-10 09:42:17,130] root - INFO - File Path : C:\Users\Sumeet Maheshwari\Desktop\dataset\data_dump\data-dump\final.csv
[2023-06-10 09:42:17,130] root - INFO - File Name: final_data.csv
[2023-06-10 09:42:17,130] root - INFO - File Ingested File Path: C:\Users\Sumeet Maheshwari\Desktop\end to end project\Store Sales Forcasting using Time series\store-sales-forcasting\Sales_Forecasting_Artifact\Artifact\data_ingestion\2023-06-10-09-42-11\raw_data\final_data.csv
[2023-06-10 09:42:17,131] root - INFO - >>>>>>>>>>>>>>>>>>>>>>>>>>>>>>>>>>>>>>>>>>>>>>>>>>>>>>>>>>>>Data Validation log started.<<<<<<<<<<<<<<<<<<<<<<<<<<<<<<<<<<<<<<<<<<<<<<<<<<<<<<<<<<<< 


[2023-06-10 09:42:17,131] root - INFO - ---------------Raw Data Validation started---------------
[2023-06-10 09:42:17,137] root - INFO - Validation Process Started
[2023-06-10 09:42:17,137] root - INFO - Validate filename started
[2023-06-10 09:42:17,138] root - INFO - checking columns names started successfully
[2023-06-10 09:42:22,614] root - INFO - missing values whole column started successfully
[2023-06-10 09:42:29,244] root - INFO - replacing null values with NULL started successfully
[2023-06-10 09:42:38,433] root - INFO - replacing null values with NULL completed successfully
[2023-06-10 09:42:38,583] root - INFO - Train_set status|is Train filename validated?: True|is train column name validated?: True|whole missing columns?True
[2023-06-10 09:42:38,753] root - INFO - Exported validated  dataset to file: [C:\Users\Sumeet Maheshwari\Desktop\end to end project\Store Sales Forcasting using Time series\store-sales-forcasting\Sales_Forecasting_Artifact\Artifact\data_validation\2023-06-10-09-42-11\validated_data]
[2023-06-10 09:42:38,753] root - INFO - Checking for Data Drift
[2023-06-10 09:42:38,753] root - INFO - Generating data drift report.json file
[2023-06-10 09:43:23,551] root - INFO - Report.json file generation successful!!
[2023-06-10 09:43:23,735] root - INFO - Generating data drift report.html page
[2023-06-10 09:44:19,414] root - INFO - Report.html page generation successful!!
[2023-06-10 09:44:19,605] root - INFO - Data validation artifact: DataValidationArtifact(schema_file_path='C:\\Users\\Sumeet Maheshwari\\Desktop\\end to end project\\Store Sales Forcasting using Time series\\store-sales-forcasting\\config\\schema.yaml', report_file_path='C:\\Users\\Sumeet Maheshwari\\Desktop\\end to end project\\Store Sales Forcasting using Time series\\store-sales-forcasting\\Sales_Forecasting_Artifact\\Artifact\\data_validation\\2023-06-10-09-42-11\\report.json', report_page_file_path='C:\\Users\\Sumeet Maheshwari\\Desktop\\end to end project\\Store Sales Forcasting using Time series\\store-sales-forcasting\\Sales_Forecasting_Artifact\\Artifact\\data_validation\\2023-06-10-09-42-11\\report.html', validated_file_path='C:\\Users\\Sumeet Maheshwari\\Desktop\\end to end project\\Store Sales Forcasting using Time series\\store-sales-forcasting\\Sales_Forecasting_Artifact\\Artifact\\data_validation\\2023-06-10-09-42-11\\validated_data', message='Validated')
[2023-06-10 09:44:19,605] root - INFO - >>>>>>>>>>>>>>>>>>>>>>>>>>>>>>>>>>>>>>>>>>>>>>>>>>>>>>>>>>>>Data Validation log completed.<<<<<<<<<<<<<<<<<<<<<<<<<<<<<<<<<<<<<<<<<<<<<<<<<<<<<<<<<<<<
[2023-06-10 09:44:19,605] root - INFO - Data Transformation Config: DataTransformationConfig(transformed_train_dir='C:\\Users\\Sumeet Maheshwari\\Desktop\\end to end project\\Store Sales Forcasting using Time series\\store-sales-forcasting\\Sales_Forecasting_Artifact\\Artifact\\data_transformation\\2023-06-10-09-42-11\\transformed_data\\train', transformed_test_dir='C:\\Users\\Sumeet Maheshwari\\Desktop\\end to end project\\Store Sales Forcasting using Time series\\store-sales-forcasting\\Sales_Forecasting_Artifact\\Artifact\\data_transformation\\2023-06-10-09-42-11\\transformed_data\\test', preprocessed_object_file_path='C:\\Users\\Sumeet Maheshwari\\Desktop\\end to end project\\Store Sales Forcasting using Time series\\store-sales-forcasting\\Sales_Forecasting_Artifact\\Artifact\\data_transformation\\2023-06-10-09-42-11\\preprocessed\\preprocessed.pkl', feature_engineering_object_file_path='C:\\Users\\Sumeet Maheshwari\\Desktop\\end to end project\\Store Sales Forcasting using Time series\\store-sales-forcasting\\Sales_Forecasting_Artifact\\Artifact\\data_transformation\\2023-06-10-09-42-11\\preprocessed\\feat_eng.pkl')
[2023-06-10 09:44:19,605] root - INFO - 
******************** Data Transformation log started ********************


[2023-06-10 09:44:19,610] root - INFO - Obtaining file from file path 
[2023-06-10 09:44:19,610] root - INFO - Loading Data as pandas dataframe.
[2023-06-10 09:44:23,880] root - INFO -  Data columns Index(['date', 'store_nbr', 'family', 'sales', 'onpromotion', 'holiday_type',
       'locale', 'locale_name', 'description', 'transferred', 'dcoilwtico',
       'city', 'state', 'store_type', 'cluster', 'transactions'],
      dtype='object')
[2023-06-10 09:44:23,880] root - INFO - Numerical columns: ['store_nbr', 'onpromotion', 'oil_price', 'cluster', 'transactions']
[2023-06-10 09:44:23,880] root - INFO - Categorical columns: ['family', 'holiday_type', 'locale', 'locale_name', 'description', 'city', 'state', 'store_type', 'transferred']
[2023-06-10 09:44:23,880] root - INFO - Target Column: ['sales']
[2023-06-10 09:44:23,880] root - INFO - Date column :['date']
[2023-06-10 09:44:23,880] root - INFO - All columns: ['store_nbr', 'onpromotion', 'oil_price', 'cluster', 'transactions', 'family', 'holiday_type', 'locale', 'locale_name', 'description', 'city', 'state', 'store_type', 'transferred', 'date', 'sales']
[2023-06-10 09:44:24,319] root - INFO - Obtaining feature engineering object.
[2023-06-10 09:44:24,319] root - INFO - 
******************** Feature Engneering Started ********************


[2023-06-10 09:44:24,319] root - INFO -  Numerical Columns , Categorical Columns , Target Column initialised in Feature engineering Pipeline 
[2023-06-10 09:44:24,319] root - INFO - Applying feature engineering object on training dataframe and testing dataframe
[2023-06-10 09:44:24,319] root - INFO - >>>>>>>>>>>>>>>>>>>>>>>>>>>>>>>>>>>>>>>>>>>>>>>>>>>>>>>>>>>> Training data <<<<<<<<<<<<<<<<<<<<<<<<<<<<<<<<<<<<<<<<<<<<<<<<<<<<<<<<<<<<
[2023-06-10 09:44:24,319] root - INFO - Feature Enineering - Train Data 
[2023-06-10 09:44:24,320] root - INFO - Columns not found: ['year', 'month', 'week', 'quarter', 'day_of_week']
[2023-06-10 09:44:25,031] root - INFO - Column 'family' converted to 'category' data type.
[2023-06-10 09:44:25,327] root - INFO - Column 'holiday_type' converted to 'category' data type.
[2023-06-10 09:44:25,620] root - INFO - Column 'locale' converted to 'category' data type.
[2023-06-10 09:44:25,889] root - INFO - Column 'locale_name' converted to 'category' data type.
[2023-06-10 09:44:26,128] root - INFO - Column 'description' converted to 'category' data type.
[2023-06-10 09:44:26,323] root - INFO - Column 'city' converted to 'category' data type.
[2023-06-10 09:44:26,505] root - INFO - Column 'state' converted to 'category' data type.
[2023-06-10 09:44:26,639] root - INFO - Column 'store_type' converted to 'category' data type.
[2023-06-10 09:44:26,833] root - INFO - Column 'transferred' converted to 'category' data type.
[2023-06-10 09:44:27,005] root - ERROR - 
                        error occured in script: 
                        [C:\Users\Sumeet Maheshwari\Desktop\end to end project\Store Sales Forcasting using Time series\store-sales-forcasting\store_sales\pipeline\training_pipeline.py] at 
                        try block line number: [72] execption block line number: [78]
                        error message: [
                        error occured in script: 
                        [C:\Users\Sumeet Maheshwari\Desktop\end to end project\Store Sales Forcasting using Time series\store-sales-forcasting\store_sales\pipeline\training_pipeline.py] at 
                        try block line number: [62] execption block line number: [64]
                        error message: [
                        error occured in script: 
                        [C:\Users\Sumeet Maheshwari\Desktop\end to end project\Store Sales Forcasting using Time series\store-sales-forcasting\store_sales\components\data_transformation.py] at 
                        try block line number: [431] execption block line number: [513]
                        error message: [
                        error occured in script: 
                        [C:\Users\Sumeet Maheshwari\Desktop\end to end project\Store Sales Forcasting using Time series\store-sales-forcasting\store_sales\components\data_transformation.py] at 
                        try block line number: [298] execption block line number: [308]
                        error message: [
                        error occured in script: 
                        [C:\Users\Sumeet Maheshwari\Desktop\end to end project\Store Sales Forcasting using Time series\store-sales-forcasting\store_sales\components\data_transformation.py] at 
                        try block line number: [283] execption block line number: [291]
                        error message: [expected string or bytes-like object]]]]]
[2023-06-10 09:44:27,050] root - INFO - 
******************** Data Transformation log completed ********************


