[2023-06-11 09:12:12,349] root - INFO - Training pipleine config: TrainingPipelineConfig(artifact_dir='C:\\Users\\Sumeet Maheshwari\\Desktop\\end to end project\\Store Sales Forcasting using Time series\\store-sales-forcasting\\Sales_Forecasting_Artifact\\Artifact')
[2023-06-11 09:12:12,349] root - INFO - Data Ingestion config: DataIngestionConfig(raw_data_dir='C:\\Users\\Sumeet Maheshwari\\Desktop\\end to end project\\Store Sales Forcasting using Time series\\store-sales-forcasting\\Sales_Forecasting_Artifact\\Artifact\\data_ingestion\\2023-06-11-09-12-08\\raw_data', ingested_data_dir='C:\\Users\\Sumeet Maheshwari\\Desktop\\end to end project\\Store Sales Forcasting using Time series\\store-sales-forcasting\\Sales_Forecasting_Artifact\\Artifact\\data_ingestion\\2023-06-11-09-12-08\\ingested_data')
[2023-06-11 09:12:12,351] root - INFO - >>>>>>>>>>>>>>>>>>>>>>>>>>>>>>>>>>>>>>>>>>>>>>>>>>>>>>>>>>>>Data Ingestion log started.<<<<<<<<<<<<<<<<<<<<<<<<<<<<<<<<<<<<<<<<<<<<<<<<<<<<<<<<<<<< 


[2023-06-11 09:12:12,506] root - INFO - Data Ingestion Artifact
[2023-06-11 09:12:12,506] root - INFO - File Path : C:\Users\Sumeet Maheshwari\Desktop\dataset\data_dump\data-dump\final.csv
[2023-06-11 09:12:12,506] root - INFO - File Name: final_data.csv
[2023-06-11 09:12:12,506] root - INFO - File Ingested File Path: C:\Users\Sumeet Maheshwari\Desktop\end to end project\Store Sales Forcasting using Time series\store-sales-forcasting\Sales_Forecasting_Artifact\Artifact\data_ingestion\2023-06-11-09-12-08\raw_data\final_data.csv
[2023-06-11 09:12:12,506] root - INFO - >>>>>>>>>>>>>>>>>>>>>>>>>>>>>>>>>>>>>>>>>>>>>>>>>>>>>>>>>>>>Data Validation log started.<<<<<<<<<<<<<<<<<<<<<<<<<<<<<<<<<<<<<<<<<<<<<<<<<<<<<<<<<<<< 


[2023-06-11 09:12:12,506] root - INFO - *****************Ingested data validation Started****************
[2023-06-11 09:12:12,511] root - INFO - Validation Process Started
[2023-06-11 09:12:12,511] root - INFO - Checking filename
[2023-06-11 09:12:12,511] root - INFO - Checking check_column_names
[2023-06-11 09:12:17,051] root - INFO - Checking missing_values_whole_columns
[2023-06-11 09:12:24,124] root - INFO - Checking replacinig_null_values_with_null
[2023-06-11 09:12:32,438] root - INFO - replacinig_null_values_with_null is sucessfully
[2023-06-11 09:12:32,585] root - INFO - Train_set status|is Train filename validated?: True|is train column name validated?: True|whole missing columns?True
[2023-06-11 09:12:32,727] root - INFO - Exported validated  dataset to file: [C:\Users\Sumeet Maheshwari\Desktop\end to end project\Store Sales Forcasting using Time series\store-sales-forcasting\Sales_Forecasting_Artifact\Artifact\data_validation\2023-06-11-09-12-08\validated_data]
[2023-06-11 09:12:32,727] root - INFO - Checking for Data Drift
[2023-06-11 09:12:32,727] root - INFO - Generating data drift report.json file
[2023-06-11 09:13:12,641] root - INFO - Report.json file generation successful!!
[2023-06-11 09:13:12,810] root - INFO - Generating data drift report.html page
[2023-06-11 09:14:02,610] root - INFO - Report.html page generation successful!!
[2023-06-11 09:14:02,870] root - INFO - Data validation artifact: DataValidationArtifact(schema_file_path='C:\\Users\\Sumeet Maheshwari\\Desktop\\end to end project\\Store Sales Forcasting using Time series\\store-sales-forcasting\\config\\schema.yaml', report_file_path='C:\\Users\\Sumeet Maheshwari\\Desktop\\end to end project\\Store Sales Forcasting using Time series\\store-sales-forcasting\\Sales_Forecasting_Artifact\\Artifact\\data_validation\\2023-06-11-09-12-08\\report.json', report_page_file_path='C:\\Users\\Sumeet Maheshwari\\Desktop\\end to end project\\Store Sales Forcasting using Time series\\store-sales-forcasting\\Sales_Forecasting_Artifact\\Artifact\\data_validation\\2023-06-11-09-12-08\\report.html', validated_file_path='C:\\Users\\Sumeet Maheshwari\\Desktop\\end to end project\\Store Sales Forcasting using Time series\\store-sales-forcasting\\Sales_Forecasting_Artifact\\Artifact\\data_validation\\2023-06-11-09-12-08\\validated_data', message='Validated')
[2023-06-11 09:14:02,870] root - INFO - >>>>>>>>>>>>>>>>>>>>>>>>>>>>>>>>>>>>>>>>>>>>>>>>>>>>>>>>>>>>Data Validation log completed.<<<<<<<<<<<<<<<<<<<<<<<<<<<<<<<<<<<<<<<<<<<<<<<<<<<<<<<<<<<<
[2023-06-11 09:14:02,871] root - INFO - Data Transformation Config: DataTransformationConfig(transformed_train_dir='C:\\Users\\Sumeet Maheshwari\\Desktop\\end to end project\\Store Sales Forcasting using Time series\\store-sales-forcasting\\Sales_Forecasting_Artifact\\Artifact\\data_transformation\\2023-06-11-09-12-08\\transformed_data\\train', transformed_test_dir='C:\\Users\\Sumeet Maheshwari\\Desktop\\end to end project\\Store Sales Forcasting using Time series\\store-sales-forcasting\\Sales_Forecasting_Artifact\\Artifact\\data_transformation\\2023-06-11-09-12-08\\transformed_data\\test', time_series_data_file_path='C:\\Users\\Sumeet Maheshwari\\Desktop\\end to end project\\Store Sales Forcasting using Time series\\store-sales-forcasting\\Sales_Forecasting_Artifact\\Artifact\\data_transformation\\2023-06-11-09-12-08\\transformed_data\\time_series_data', preprocessed_object_file_path='C:\\Users\\Sumeet Maheshwari\\Desktop\\end to end project\\Store Sales Forcasting using Time series\\store-sales-forcasting\\Sales_Forecasting_Artifact\\Artifact\\data_transformation\\2023-06-11-09-12-08\\preprocessed\\preprocessed.pkl', feature_engineering_object_file_path='C:\\Users\\Sumeet Maheshwari\\Desktop\\end to end project\\Store Sales Forcasting using Time series\\store-sales-forcasting\\Sales_Forecasting_Artifact\\Artifact\\data_transformation\\2023-06-11-09-12-08\\preprocessed\\feat_eng.pkl')
[2023-06-11 09:14:02,871] root - INFO - 
******************** Data Transformation log started ********************


[2023-06-11 09:14:02,875] root - INFO - Obtaining file from file path 
[2023-06-11 09:14:02,875] root - INFO - Loading Data as pandas dataframe.
[2023-06-11 09:14:07,355] root - INFO -  Data columns Index(['date', 'store_nbr', 'family', 'sales', 'onpromotion', 'holiday_type',
       'locale', 'locale_name', 'description', 'transferred', 'dcoilwtico',
       'city', 'state', 'store_type', 'cluster', 'transactions'],
      dtype='object')
[2023-06-11 09:14:07,356] root - INFO - Numerical columns: ['store_nbr', 'onpromotion', 'oil_price', 'cluster', 'transactions']
[2023-06-11 09:14:07,356] root - INFO - Categorical columns: ['family', 'holiday_type', 'locale', 'locale_name', 'description', 'city', 'state', 'store_type', 'transferred']
[2023-06-11 09:14:07,356] root - INFO - Target Column: ['sales']
[2023-06-11 09:14:07,356] root - INFO - Date column :['date']
[2023-06-11 09:14:07,356] root - INFO - All columns: ['store_nbr', 'onpromotion', 'oil_price', 'cluster', 'transactions', 'family', 'holiday_type', 'locale', 'locale_name', 'description', 'city', 'state', 'store_type', 'transferred', 'date', 'sales']
[2023-06-11 09:14:07,808] root - INFO - Obtaining feature engineering object.
[2023-06-11 09:14:07,808] root - INFO - 
******************** Feature Engneering Started ********************


[2023-06-11 09:14:07,808] root - INFO -  Numerical Columns , Categorical Columns , Target Column initialised in Feature engineering Pipeline 
[2023-06-11 09:14:07,808] root - INFO - Applying feature engineering object on training dataframe and testing dataframe
[2023-06-11 09:14:07,808] root - INFO - >>>>>>>>>>>>>>>>>>>>>>>>>>>>>>>>>>>>>>>>>>>>>>>>>>>>>>>>>>>> Training data <<<<<<<<<<<<<<<<<<<<<<<<<<<<<<<<<<<<<<<<<<<<<<<<<<<<<<<<<<<<
[2023-06-11 09:14:07,808] root - INFO - Feature Enineering - Train Data 
[2023-06-11 09:14:07,808] root - INFO - Columns not found: ['year', 'month', 'week', 'quarter', 'day_of_week']
[2023-06-11 09:14:25,426] root - INFO -  Oil Price column renamed 
[2023-06-11 09:14:25,443] root - INFO -    store_nbr  onpromotion  oil_price  cluster  transactions      family  ...   city      state store_type transferred       date sales
0          1            0        NaN       13           NaN  AUTOMOTIVE  ...  Quito  Pichincha          D       False 2013-01-01   0.0
1          1            0        NaN       13           NaN   BABY CARE  ...  Quito  Pichincha          D       False 2013-01-01   0.0
2          1            0        NaN       13           NaN      BEAUTY  ...  Quito  Pichincha          D       False 2013-01-01   0.0
3          1            0        NaN       13           NaN   BEVERAGES  ...  Quito  Pichincha          D       False 2013-01-01   0.0
4          1            0        NaN       13           NaN       BOOKS  ...  Quito  Pichincha          D       False 2013-01-01   0.0

[5 rows x 16 columns]
[2023-06-11 09:14:28,548] root - INFO - Shape before removing duplicates: (3054348, 16)
[2023-06-11 09:14:28,548] root - INFO - Shape after removing duplicates: (3045438, 16)
[2023-06-11 09:14:28,548] root - INFO - Count of duplicate values: 8910
[2023-06-11 09:14:34,526] root - INFO - Missing ratio information:
[2023-06-11 09:14:34,526] root - INFO - oil_price: 100.00%
[2023-06-11 09:14:34,527] root - INFO - holiday_type: 83.79%
[2023-06-11 09:14:34,527] root - INFO - locale: 83.79%
[2023-06-11 09:14:34,527] root - INFO - locale_name: 83.79%
[2023-06-11 09:14:34,527] root - INFO - transferred: 83.79%
[2023-06-11 09:14:34,527] root - INFO - transactions: 8.16%
[2023-06-11 09:14:34,539] root - INFO - top 5 rows of data frame: 
    store_nbr  onpromotion  oil_price  cluster  transactions      family  ...   city      state store_type transferred       date sales
0          1            0        NaN       13           NaN  AUTOMOTIVE  ...  Quito  Pichincha          D       False 2013-01-01   0.0
1          1            0        NaN       13           NaN   BABY CARE  ...  Quito  Pichincha          D       False 2013-01-01   0.0
2          1            0        NaN       13           NaN      BEAUTY  ...  Quito  Pichincha          D       False 2013-01-01   0.0
3          1            0        NaN       13           NaN   BEVERAGES  ...  Quito  Pichincha          D       False 2013-01-01   0.0
4          1            0        NaN       13           NaN       BOOKS  ...  Quito  Pichincha          D       False 2013-01-01   0.0

[5 rows x 16 columns]
[2023-06-11 09:14:34,540] root - INFO - 'id' column not found. Skipping dropping operation.
[2023-06-11 09:14:34,540] root - INFO - Dropping rows with null values...
[2023-06-11 09:14:34,540] root - INFO - Resetting DataFrame index...
[2023-06-11 09:14:34,540] root - INFO - Columns dropped, null values removed, and index reset.
[2023-06-11 09:14:34,552] root - INFO - Top 5 rows of df: 
    store_nbr  onpromotion  oil_price  cluster  transactions      family  ...   city      state store_type transferred       date sales
0          1            0        NaN       13           NaN  AUTOMOTIVE  ...  Quito  Pichincha          D       False 2013-01-01   0.0
1          1            0        NaN       13           NaN   BABY CARE  ...  Quito  Pichincha          D       False 2013-01-01   0.0
2          1            0        NaN       13           NaN      BEAUTY  ...  Quito  Pichincha          D       False 2013-01-01   0.0
3          1            0        NaN       13           NaN   BEVERAGES  ...  Quito  Pichincha          D       False 2013-01-01   0.0
4          1            0        NaN       13           NaN       BOOKS  ...  Quito  Pichincha          D       False 2013-01-01   0.0

[5 rows x 16 columns]
[2023-06-11 09:14:34,552] root - INFO - Handling missing values in 'transactions' column...
[2023-06-11 09:14:34,589] root - INFO - Checking 'oil_price' column for missing values...
[2023-06-11 09:14:34,596] root - INFO - Number of missing values: 3045438
[2023-06-11 09:14:34,596] root - INFO - interpolate missing values in 'oil_price' column...
[2023-06-11 09:14:34,628] root - INFO - Number of missing values after filling: 3045438
[2023-06-11 09:14:34,693] root - INFO - 0    Holiday
Name: holiday_type, dtype: object
[2023-06-11 09:14:34,693] root - INFO - Filling missing values in 'holiday_type' column with mode...
[2023-06-11 09:14:34,864] root - INFO - Filling missing values in 'locale' column with mode...
[2023-06-11 09:14:35,037] root - INFO - Filling missing values in 'locale_name' column with mode...
[2023-06-11 09:14:35,217] root - INFO - Filling missing values in 'description' column with mode...
[2023-06-11 09:14:35,457] root - INFO - Filling missing values in 'transferred' column with mode...
[2023-06-11 09:14:35,788] root - INFO - Missing values handled.
[2023-06-11 09:14:35,789] root - INFO - Removing outliers in column 'transactions' using IQR method...
[2023-06-11 09:14:36,094] root - INFO - Number of outliers removed in column 'transactions': 216084
[2023-06-11 09:14:36,159] root - INFO - Column 'transactions' modified: 216084 outliers modified
[2023-06-11 09:14:36,583] root - INFO - Column 'family' converted to 'category' data type.
[2023-06-11 09:14:36,880] root - INFO - Column 'holiday_type' converted to 'category' data type.
[2023-06-11 09:14:37,163] root - INFO - Column 'locale' converted to 'category' data type.
[2023-06-11 09:14:37,409] root - INFO - Column 'locale_name' converted to 'category' data type.
[2023-06-11 09:14:37,645] root - INFO - Column 'description' converted to 'category' data type.
[2023-06-11 09:14:37,828] root - INFO - Column 'city' converted to 'category' data type.
[2023-06-11 09:14:37,999] root - INFO - Column 'state' converted to 'category' data type.
[2023-06-11 09:14:38,120] root - INFO - Column 'store_type' converted to 'category' data type.
[2023-06-11 09:14:38,171] root - INFO - Column 'transferred' converted to 'category' data type.
[2023-06-11 09:15:15,559] root - INFO - Mapping unique values of categorical columns:
[2023-06-11 09:15:15,590] root - INFO - Column: 'family', Unique Values: ['AUTOMOTIVE', 'BABY CARE', 'BEAUTY', 'BEVERAGES', 'BOOKS', ..., 'POULTRY', 'PREPARED FOODS', 'PRODUCE', 'SCHOOL AND OFFICE SUPPLIES', 'SEAFOOD']
Length: 33
Categories (33, object): ['AUTOMOTIVE', 'BABY CARE', 'BEAUTY', 'BEVERAGES', ..., 'PREPARED FOODS',
                          'PRODUCE', 'SCHOOL AND OFFICE SUPPLIES', 'SEAFOOD']
[2023-06-11 09:15:15,618] root - INFO - Column: 'holiday_type', Unique Values: ['Holiday', 'Work Day', 'Additional', 'Event', 'Transfer', 'Bridge']
Categories (6, object): ['Additional', 'Bridge', 'Event', 'Holiday', 'Transfer', 'Work Day']
[2023-06-11 09:15:15,646] root - INFO - Column: 'locale', Unique Values: ['National', 'Local', 'Regional']
Categories (3, object): ['Local', 'National', 'Regional']
[2023-06-11 09:15:15,680] root - INFO - Column: 'locale_name', Unique Values: ['Ecuador', 'Others', 'Riobamba', 'Guaranda', 'Latacunga', 'Guayaquil']
Categories (6, object): ['Ecuador', 'Guaranda', 'Guayaquil', 'Latacunga', 'Others', 'Riobamba']
[2023-06-11 09:15:15,708] root - INFO - Column: 'description', Unique Values: ['Primer dia del ano', 'nan', 'Others', 'Carnaval', 'Dia de la Madre', 'Fundacion de Guayaquil', 'Navidad', 'Terremoto Manabi']
Categories (8, object): ['Carnaval', 'Dia de la Madre', 'Fundacion de Guayaquil', 'Navidad',
                         'Others', 'Primer dia del ano', 'Terremoto Manabi', 'nan']
[2023-06-11 09:15:15,736] root - INFO - Column: 'city', Unique Values: ['Quito', 'Cayambe', 'Latacunga', 'Riobamba', 'Ibarra', ..., 'Loja', 'Machala', 'Esmeraldas', 'Manta', 'El Carmen']
Length: 22
Categories (22, object): ['Ambato', 'Babahoyo', 'Cayambe', 'Cuenca', ..., 'Quito', 'Riobamba',
                          'Salinas', 'Santo Domingo']
[2023-06-11 09:15:15,765] root - INFO - Column: 'state', Unique Values: ['Pichincha', 'Cotopaxi', 'Chimborazo', 'Imbabura', 'Santo Domingo de los Tsachilas', ..., 'Azuay', 'Loja', 'El Oro', 'Esmeraldas', 'Manabi']
Length: 16
Categories (16, object): ['Azuay', 'Bolivar', 'Chimborazo', 'Cotopaxi', ..., 'Pichincha',
                          'Santa Elena', 'Santo Domingo de los Tsachilas', 'Tungurahua']
[2023-06-11 09:15:15,799] root - INFO - Column: 'store_type', Unique Values: ['D', 'C', 'B', 'E', 'A']
Categories (5, object): ['A', 'B', 'C', 'D', 'E']
[2023-06-11 09:15:15,837] root - INFO - Column: 'transferred', Unique Values: [False, True]
Categories (2, object): [False, True]
[2023-06-11 09:15:15,855] root - INFO -    store_nbr  onpromotion  oil_price  cluster  transactions family  ... city state store_type transferred       date sales
0          1            0        NaN       13   1697.016117      0  ...    0     0          0           0 2013-01-01   0.0
1          1            0        NaN       13   1697.016117      1  ...    0     0          0           0 2013-01-01   0.0
2          1            0        NaN       13   1697.016117      2  ...    0     0          0           0 2013-01-01   0.0
3          1            0        NaN       13   1697.016117      3  ...    0     0          0           0 2013-01-01   0.0
4          1            0        NaN       13   1697.016117      4  ...    0     0          0           0 2013-01-01   0.0

[5 rows x 16 columns]
[2023-06-11 09:15:15,855] root - INFO -  Data Modification Done
[2023-06-11 09:15:15,855] root - INFO - Column Data Types:
[2023-06-11 09:15:15,855] root - INFO - Column: 'store_nbr': int64
[2023-06-11 09:15:15,855] root - INFO - Column: 'onpromotion': int64
[2023-06-11 09:15:15,856] root - INFO - Column: 'oil_price': float64
[2023-06-11 09:15:15,856] root - INFO - Column: 'cluster': int64
[2023-06-11 09:15:15,856] root - INFO - Column: 'transactions': float64
[2023-06-11 09:15:15,856] root - INFO - Column: 'family': category
[2023-06-11 09:15:15,856] root - INFO - Column: 'holiday_type': category
[2023-06-11 09:15:15,856] root - INFO - Column: 'locale': category
[2023-06-11 09:15:15,856] root - INFO - Column: 'locale_name': category
[2023-06-11 09:15:15,856] root - INFO - Column: 'description': category
[2023-06-11 09:15:15,856] root - INFO - Column: 'city': category
[2023-06-11 09:15:15,856] root - INFO - Column: 'state': category
[2023-06-11 09:15:15,856] root - INFO - Column: 'store_type': category
[2023-06-11 09:15:15,856] root - INFO - Column: 'transferred': category
[2023-06-11 09:15:15,856] root - INFO - Column: 'date': datetime64[ns]
[2023-06-11 09:15:15,856] root - INFO - Column: 'sales': float64
[2023-06-11 09:15:15,966] root - INFO - Data Wrangling Done
[2023-06-11 09:15:20,696] root - INFO - Converting featured engineered array into dataframe.
[2023-06-11 09:15:21,988] root - INFO - Feature Engineering - Train Completed
[2023-06-11 09:15:24,389] root - INFO -  X_Train_Shape :(2436350, 14) Y_Train_Shape : (2436350, 1)
[2023-06-11 09:15:24,389] root - INFO -  X_Test_Shape :(609088, 14) Y_Test_Shape : (609088, 1)
[2023-06-11 09:15:24,390] root - INFO - Input Columns in Split data : Index(['store_nbr', 'onpromotion', 'oil_price', 'cluster', 'transactions',
       'family', 'holiday_type', 'locale', 'locale_name', 'description',
       'city', 'state', 'store_type', 'transferred'],
      dtype='object')| Target Column Index(['sales'], dtype='object')
[2023-06-11 09:15:24,390] root - INFO - Applying preprocessing object on training dataframe and testing dataframe
[2023-06-11 09:15:24,390] root - INFO - Creating Data Transformer Object
[2023-06-11 09:15:34,984] root - ERROR - 
                        error occured in script: 
                        [C:\Users\Sumeet Maheshwari\Desktop\end to end project\Store Sales Forcasting using Time series\store-sales-forcasting\store_sales\pipeline\training_pipeline.py] at 
                        try block line number: [72] execption block line number: [78]
                        error message: [
                        error occured in script: 
                        [C:\Users\Sumeet Maheshwari\Desktop\end to end project\Store Sales Forcasting using Time series\store-sales-forcasting\store_sales\pipeline\training_pipeline.py] at 
                        try block line number: [62] execption block line number: [64]
                        error message: [
                        error occured in script: 
                        [C:\Users\Sumeet Maheshwari\Desktop\end to end project\Store Sales Forcasting using Time series\store-sales-forcasting\store_sales\components\data_transformation.py] at 
                        try block line number: [517] execption block line number: [562]
                        error message: [Shape of passed values is (2436350, 14), indices imply (2436350, 15)]]]
[2023-06-11 09:15:36,667] root - INFO - 
******************** Data Transformation log completed ********************


