[2023-06-12 08:28:33,981] root - INFO - Training pipleine config: TrainingPipelineConfig(artifact_dir='C:\\Users\\Sumeet Maheshwari\\Desktop\\end to end project\\Store Sales Forcasting using Time series\\store-sales-forcasting\\Sales_Forecasting_Artifact\\Artifact')
[2023-06-12 08:28:33,981] root - INFO - Data Ingestion config: DataIngestionConfig(raw_data_dir='C:\\Users\\Sumeet Maheshwari\\Desktop\\end to end project\\Store Sales Forcasting using Time series\\store-sales-forcasting\\Sales_Forecasting_Artifact\\Artifact\\data_ingestion\\2023-06-12-08-28-29\\raw_data', ingested_data_dir='C:\\Users\\Sumeet Maheshwari\\Desktop\\end to end project\\Store Sales Forcasting using Time series\\store-sales-forcasting\\Sales_Forecasting_Artifact\\Artifact\\data_ingestion\\2023-06-12-08-28-29\\ingested_data')
[2023-06-12 08:28:33,982] root - INFO - >>>>>>>>>>>>>>>>>>>>>>>>>>>>>>>>>>>>>>>>>>>>>>>>>>>>>>>>>>>>Data Ingestion log started.<<<<<<<<<<<<<<<<<<<<<<<<<<<<<<<<<<<<<<<<<<<<<<<<<<<<<<<<<<<< 


[2023-06-12 08:28:34,249] root - INFO - Data Ingestion Artifact
[2023-06-12 08:28:34,249] root - INFO - File Path : C:\Users\Sumeet Maheshwari\Desktop\Store sales Forecasting (2)\Jup_Notebook\Merged_dataset\outlier_clean.csv
[2023-06-12 08:28:34,249] root - INFO - File Name: final_data.csv
[2023-06-12 08:28:34,250] root - INFO - File Ingested File Path: C:\Users\Sumeet Maheshwari\Desktop\end to end project\Store Sales Forcasting using Time series\store-sales-forcasting\Sales_Forecasting_Artifact\Artifact\data_ingestion\2023-06-12-08-28-29\raw_data\final_data.csv
[2023-06-12 08:28:34,250] root - INFO - >>>>>>>>>>>>>>>>>>>>>>>>>>>>>>>>>>>>>>>>>>>>>>>>>>>>>>>>>>>>Data Validation log started.<<<<<<<<<<<<<<<<<<<<<<<<<<<<<<<<<<<<<<<<<<<<<<<<<<<<<<<<<<<< 


[2023-06-12 08:28:34,250] root - INFO - *****************Ingested data validation Started****************
[2023-06-12 08:28:34,257] root - INFO - Validation Process Started
[2023-06-12 08:28:34,257] root - INFO - Checking filename
[2023-06-12 08:28:34,257] root - INFO - Checking check_column_names
[2023-06-12 08:28:41,109] root - INFO - Checking missing_values_whole_columns
[2023-06-12 08:28:48,727] root - INFO - Checking replacinig_null_values_with_null
[2023-06-12 08:28:58,826] root - INFO - replacinig_null_values_with_null is sucessfully
[2023-06-12 08:28:58,923] root - INFO - Train_set status|is Train filename validated?: True|is train column name validated?: True|whole missing columns?True
[2023-06-12 08:28:59,175] root - INFO - Exported validated  dataset to file: [C:\Users\Sumeet Maheshwari\Desktop\end to end project\Store Sales Forcasting using Time series\store-sales-forcasting\Sales_Forecasting_Artifact\Artifact\data_validation\2023-06-12-08-28-29\validated_data]
[2023-06-12 08:28:59,175] root - INFO - Checking for Data Drift
[2023-06-12 08:28:59,175] root - INFO - Generating data drift report.json file
[2023-06-12 08:29:55,857] root - INFO - Report.json file generation successful!!
[2023-06-12 08:29:55,932] root - INFO - Generating data drift report.html page
[2023-06-12 08:31:07,656] root - INFO - Report.html page generation successful!!
[2023-06-12 08:31:07,766] root - INFO - Data validation artifact: DataValidationArtifact(schema_file_path='C:\\Users\\Sumeet Maheshwari\\Desktop\\end to end project\\Store Sales Forcasting using Time series\\store-sales-forcasting\\config\\schema.yaml', report_file_path='C:\\Users\\Sumeet Maheshwari\\Desktop\\end to end project\\Store Sales Forcasting using Time series\\store-sales-forcasting\\Sales_Forecasting_Artifact\\Artifact\\data_validation\\2023-06-12-08-28-29\\report.json', report_page_file_path='C:\\Users\\Sumeet Maheshwari\\Desktop\\end to end project\\Store Sales Forcasting using Time series\\store-sales-forcasting\\Sales_Forecasting_Artifact\\Artifact\\data_validation\\2023-06-12-08-28-29\\report.html', validated_file_path='C:\\Users\\Sumeet Maheshwari\\Desktop\\end to end project\\Store Sales Forcasting using Time series\\store-sales-forcasting\\Sales_Forecasting_Artifact\\Artifact\\data_validation\\2023-06-12-08-28-29\\validated_data', message='Validated')
[2023-06-12 08:31:07,766] root - INFO - >>>>>>>>>>>>>>>>>>>>>>>>>>>>>>>>>>>>>>>>>>>>>>>>>>>>>>>>>>>>Data Validation log completed.<<<<<<<<<<<<<<<<<<<<<<<<<<<<<<<<<<<<<<<<<<<<<<<<<<<<<<<<<<<<
[2023-06-12 08:31:07,766] root - INFO - Data Transformation Config: DataTransformationConfig(transformed_train_dir='C:\\Users\\Sumeet Maheshwari\\Desktop\\end to end project\\Store Sales Forcasting using Time series\\store-sales-forcasting\\Sales_Forecasting_Artifact\\Artifact\\data_transformation\\2023-06-12-08-28-29\\transformed_data\\train', transformed_test_dir='C:\\Users\\Sumeet Maheshwari\\Desktop\\end to end project\\Store Sales Forcasting using Time series\\store-sales-forcasting\\Sales_Forecasting_Artifact\\Artifact\\data_transformation\\2023-06-12-08-28-29\\transformed_data\\test', time_series_data_file_path='C:\\Users\\Sumeet Maheshwari\\Desktop\\end to end project\\Store Sales Forcasting using Time series\\store-sales-forcasting\\Sales_Forecasting_Artifact\\Artifact\\data_transformation\\2023-06-12-08-28-29\\transformed_data\\time_series_data', preprocessed_object_file_path='C:\\Users\\Sumeet Maheshwari\\Desktop\\end to end project\\Store Sales Forcasting using Time series\\store-sales-forcasting\\Sales_Forecasting_Artifact\\Artifact\\data_transformation\\2023-06-12-08-28-29\\preprocessed\\preprocessed.pkl', feature_engineering_object_file_path='C:\\Users\\Sumeet Maheshwari\\Desktop\\end to end project\\Store Sales Forcasting using Time series\\store-sales-forcasting\\Sales_Forecasting_Artifact\\Artifact\\data_transformation\\2023-06-12-08-28-29\\preprocessed\\feat_eng.pkl')
[2023-06-12 08:31:07,766] root - INFO - 
******************** Data Transformation log started ********************


[2023-06-12 08:31:07,774] root - INFO - Obtaining file from file path 
[2023-06-12 08:31:07,774] root - INFO - Loading Data as pandas dataframe.
[2023-06-12 08:31:14,336] root - INFO -  Data columns Index(['date', 'store_nbr', 'family', 'sales', 'onpromotion', 'holiday_type',
       'locale', 'locale_name', 'description', 'transferred', 'oil_price',
       'city', 'state', 'store_type', 'cluster', 'transactions', 'year',
       'month', 'week', 'quarter', 'day_of_week'],
      dtype='object')
[2023-06-12 08:31:14,336] root - INFO - Numerical columns: ['store_nbr', 'onpromotion', 'oil_price', 'cluster', 'transactions']
[2023-06-12 08:31:14,338] root - INFO - Categorical columns: ['family', 'holiday_type', 'locale', 'locale_name', 'description', 'city', 'state', 'store_type', 'transferred']
[2023-06-12 08:31:14,338] root - INFO - Target Column: ['sales']
[2023-06-12 08:31:14,338] root - INFO - Date column :['date']
[2023-06-12 08:31:14,338] root - INFO - All columns: ['store_nbr', 'onpromotion', 'oil_price', 'cluster', 'transactions', 'family', 'holiday_type', 'locale', 'locale_name', 'description', 'city', 'state', 'store_type', 'transferred', 'date', 'sales']
[2023-06-12 08:31:14,728] root - INFO - Obtaining feature engineering object.
[2023-06-12 08:31:14,728] root - INFO - 
******************** Feature Engneering Started ********************


[2023-06-12 08:31:14,728] root - INFO -  Numerical Columns , Categorical Columns , Target Column initialised in Feature engineering Pipeline 
[2023-06-12 08:31:14,728] root - INFO - <class 'sklearn.pipeline.Pipeline'>
[2023-06-12 08:31:14,728] root - INFO - Feature engineering object droping unwanted columns
[2023-06-12 08:31:14,728] root - INFO - Applying feature engineering object on training dataframe and testing dataframe
[2023-06-12 08:31:14,728] root - INFO - >>>>>>>>>>>>>>>>>>>>>>>>>>>>>>>>>>>>>>>>>>>>>>>>>>>>>>>>>>>> Training data <<<<<<<<<<<<<<<<<<<<<<<<<<<<<<<<<<<<<<<<<<<<<<<<<<<<<<<<<<<<
[2023-06-12 08:31:14,729] root - INFO - Feature Enineering - Train Data 
[2023-06-12 08:31:14,729] root - INFO - Columns not found: ['year', 'month', 'week', 'quarter', 'day_of_week']
[2023-06-12 08:31:30,525] root - INFO -  Oil Price column renamed 
[2023-06-12 08:31:30,539] root - INFO -    store_nbr  onpromotion  oil_price  cluster  transactions  ...      state store_type transferred       date sales
0          1            0      93.14       13   1697.071441  ...  Pichincha          D       False 2013-01-01   0.0
1          1            0      93.14       13   1697.071441  ...  Pichincha          D       False 2013-01-01   0.0
2          1            0      93.14       13   1697.071441  ...  Pichincha          D       False 2013-01-01   0.0
3          1            0      93.14       13   1697.071441  ...  Pichincha          D       False 2013-01-01   0.0
4          1            0      93.14       13   1697.071441  ...  Pichincha          D       False 2013-01-01   0.0

[5 rows x 16 columns]
[2023-06-12 08:31:33,102] root - INFO - Shape before removing duplicates: (3054348, 16)
[2023-06-12 08:31:33,102] root - INFO - Shape after removing duplicates: (3045438, 16)
[2023-06-12 08:31:33,102] root - INFO - Count of duplicate values: 8910
[2023-06-12 08:31:35,727] root - INFO - No missing values found in the dataframe.
[2023-06-12 08:31:35,727] root - INFO - 'id' column not found. Skipping dropping operation.
[2023-06-12 08:31:35,727] root - INFO - Dropping rows with null values...
[2023-06-12 08:31:35,727] root - INFO - Resetting DataFrame index...
[2023-06-12 08:31:35,727] root - INFO - Columns dropped, null values removed, and index reset.
[2023-06-12 08:31:35,741] root - INFO - Top 5 rows of df: 
    store_nbr  onpromotion  oil_price  cluster  transactions  ...      state store_type transferred       date sales
0          1            0      93.14       13   1697.071441  ...  Pichincha          D       False 2013-01-01   0.0
1          1            0      93.14       13   1697.071441  ...  Pichincha          D       False 2013-01-01   0.0
2          1            0      93.14       13   1697.071441  ...  Pichincha          D       False 2013-01-01   0.0
3          1            0      93.14       13   1697.071441  ...  Pichincha          D       False 2013-01-01   0.0
4          1            0      93.14       13   1697.071441  ...  Pichincha          D       False 2013-01-01   0.0

[5 rows x 16 columns]
[2023-06-12 08:31:35,741] root - INFO - Handling missing values in 'transactions' column...
[2023-06-12 08:31:35,777] root - INFO - Checking 'oil_price' column for missing values...
[2023-06-12 08:31:35,783] root - INFO - Number of missing values: 0
[2023-06-12 08:31:35,784] root - INFO - interpolate missing values in 'oil_price' column...
[2023-06-12 08:31:35,815] root - INFO - Number of missing values after filling: 0
[2023-06-12 08:31:35,964] root - INFO - 0    Holiday
Name: holiday_type, dtype: object
[2023-06-12 08:31:35,964] root - INFO - Filling missing values in 'holiday_type' column with mode...
[2023-06-12 08:31:36,219] root - INFO - Filling missing values in 'locale' column with mode...
[2023-06-12 08:31:36,467] root - INFO - Filling missing values in 'locale_name' column with mode...
[2023-06-12 08:31:36,722] root - INFO - Filling missing values in 'description' column with mode...
[2023-06-12 08:31:36,944] root - INFO - Filling missing values in 'transferred' column with mode...
[2023-06-12 08:31:36,959] root - INFO - Missing values handled.
[2023-06-12 08:31:37,262] root - INFO - Column 'family' converted to 'category' data type.
[2023-06-12 08:31:37,502] root - INFO - Column 'holiday_type' converted to 'category' data type.
[2023-06-12 08:31:37,719] root - INFO - Column 'locale' converted to 'category' data type.
[2023-06-12 08:31:37,947] root - INFO - Column 'locale_name' converted to 'category' data type.
[2023-06-12 08:31:38,142] root - INFO - Column 'description' converted to 'category' data type.
[2023-06-12 08:31:38,301] root - INFO - Column 'city' converted to 'category' data type.
[2023-06-12 08:31:38,456] root - INFO - Column 'state' converted to 'category' data type.
[2023-06-12 08:31:38,568] root - INFO - Column 'store_type' converted to 'category' data type.
[2023-06-12 08:31:38,612] root - INFO - Column 'transferred' converted to 'category' data type.
[2023-06-12 08:31:38,612] root - INFO - Dropping unwanted columns form dataframe
[2023-06-12 08:32:10,770] root - INFO - Mapping unique values of categorical columns:
[2023-06-12 08:32:10,799] root - INFO - Column: 'family', Unique Values: ['AUTOMOTIVE', 'BABY CARE', 'BEAUTY', 'BEVERAGES', 'BOOKS', ..., 'POULTRY', 'PREPARED FOODS', 'PRODUCE', 'SCHOOL AND OFFICE SUPPLIES', 'SEAFOOD']
Length: 33
Categories (33, object): ['AUTOMOTIVE', 'BABY CARE', 'BEAUTY', 'BEVERAGES', ..., 'PREPARED FOODS',
                          'PRODUCE', 'SCHOOL AND OFFICE SUPPLIES', 'SEAFOOD']
[2023-06-12 08:32:10,828] root - INFO - Column: 'holiday_type', Unique Values: ['Holiday', 'Work Day', 'Additional', 'Event', 'Transfer', 'Bridge']
Categories (6, object): ['Additional', 'Bridge', 'Event', 'Holiday', 'Transfer', 'Work Day']
[2023-06-12 08:32:10,855] root - INFO - Column: 'store_type', Unique Values: ['D', 'C', 'B', 'E', 'A']
Categories (5, object): ['A', 'B', 'C', 'D', 'E']
[2023-06-12 08:32:10,865] root - INFO -    store_nbr  onpromotion  oil_price  cluster  transactions family holiday_type store_type       date  sales
0          1            0      93.14       13   1697.071441      0            0          0 2013-01-01    0.0
1          1            0      93.14       13   1697.071441      1            0          0 2013-01-01    0.0
2          1            0      93.14       13   1697.071441      2            0          0 2013-01-01    0.0
3          1            0      93.14       13   1697.071441      3            0          0 2013-01-01    0.0
4          1            0      93.14       13   1697.071441      4            0          0 2013-01-01    0.0
[2023-06-12 08:32:10,866] root - INFO -  Data Modification Done
[2023-06-12 08:32:10,866] root - INFO - Column Data Types:
[2023-06-12 08:32:10,866] root - INFO - Column: 'store_nbr': int64
[2023-06-12 08:32:10,866] root - INFO - Column: 'onpromotion': int64
[2023-06-12 08:32:10,866] root - INFO - Column: 'oil_price': float64
[2023-06-12 08:32:10,866] root - INFO - Column: 'cluster': int64
[2023-06-12 08:32:10,866] root - INFO - Column: 'transactions': float64
[2023-06-12 08:32:10,866] root - INFO - Column: 'family': category
[2023-06-12 08:32:10,866] root - INFO - Column: 'holiday_type': category
[2023-06-12 08:32:10,867] root - INFO - Column: 'store_type': category
[2023-06-12 08:32:10,867] root - INFO - Column: 'date': datetime64[ns]
[2023-06-12 08:32:10,867] root - INFO - Column: 'sales': float64
[2023-06-12 08:32:10,973] root - INFO - Data Wrangling Done
[2023-06-12 08:32:15,949] root - INFO - Converting featured engineered array into dataframe.
[2023-06-12 08:32:17,364] root - INFO - Feature Engineering - Train Completed
[2023-06-12 08:32:19,016] root - INFO -  X_Train_Shape :(2436350, 8) Y_Train_Shape : (2436350, 1)
[2023-06-12 08:32:19,016] root - INFO -  X_Test_Shape :(609088, 8) Y_Test_Shape : (609088, 1)
[2023-06-12 08:32:19,016] root - INFO - Input Columns in Split data : Index(['store_nbr', 'onpromotion', 'oil_price', 'cluster', 'transactions',
       'family', 'holiday_type', 'store_type'],
      dtype='object')| Target Column Index(['sales'], dtype='object')
[2023-06-12 08:32:19,017] root - INFO - Applying preprocessing object on training dataframe and testing dataframe
[2023-06-12 08:32:19,017] root - INFO - Creating Data Transformer Object
[2023-06-12 08:32:19,017] root - ERROR - 
                        error occured in script: 
                        [C:\Users\Sumeet Maheshwari\Desktop\end to end project\Store Sales Forcasting using Time series\store-sales-forcasting\store_sales\pipeline\training_pipeline.py] at 
                        try block line number: [91] execption block line number: [98]
                        error message: [
                        error occured in script: 
                        [C:\Users\Sumeet Maheshwari\Desktop\end to end project\Store Sales Forcasting using Time series\store-sales-forcasting\store_sales\pipeline\training_pipeline.py] at 
                        try block line number: [63] execption block line number: [65]
                        error message: [
                        error occured in script: 
                        [C:\Users\Sumeet Maheshwari\Desktop\end to end project\Store Sales Forcasting using Time series\store-sales-forcasting\store_sales\components\data_transformation.py] at 
                        try block line number: [528] execption block line number: [577]
                        error message: [A given column is not a column of the dataframe]]]
[2023-06-12 08:32:20,195] root - INFO - 
******************** Data Transformation log completed ********************


