[2023-06-12 09:59:07,449] root - INFO - Training pipleine config: TrainingPipelineConfig(artifact_dir='C:\\Users\\Sumeet Maheshwari\\Desktop\\end to end project\\Store Sales Forcasting using Time series\\store-sales-forcasting\\Sales_Forecasting_Artifact\\Artifact')
[2023-06-12 09:59:07,450] root - INFO - Data Ingestion config: DataIngestionConfig(raw_data_dir='C:\\Users\\Sumeet Maheshwari\\Desktop\\end to end project\\Store Sales Forcasting using Time series\\store-sales-forcasting\\Sales_Forecasting_Artifact\\Artifact\\data_ingestion\\2023-06-12-09-59-02\\raw_data', ingested_data_dir='C:\\Users\\Sumeet Maheshwari\\Desktop\\end to end project\\Store Sales Forcasting using Time series\\store-sales-forcasting\\Sales_Forecasting_Artifact\\Artifact\\data_ingestion\\2023-06-12-09-59-02\\ingested_data')
[2023-06-12 09:59:07,450] root - INFO - >>>>>>>>>>>>>>>>>>>>>>>>>>>>>>>>>>>>>>>>>>>>>>>>>>>>>>>>>>>>Data Ingestion log started.<<<<<<<<<<<<<<<<<<<<<<<<<<<<<<<<<<<<<<<<<<<<<<<<<<<<<<<<<<<< 


[2023-06-12 09:59:07,826] root - INFO - Data Ingestion Artifact
[2023-06-12 09:59:07,826] root - INFO - File Path : C:\Users\Sumeet Maheshwari\Desktop\Store sales Forecasting (2)\Jup_Notebook\Merged_dataset\outlier_clean.csv
[2023-06-12 09:59:07,826] root - INFO - File Name: final_data.csv
[2023-06-12 09:59:07,826] root - INFO - File Ingested File Path: C:\Users\Sumeet Maheshwari\Desktop\end to end project\Store Sales Forcasting using Time series\store-sales-forcasting\Sales_Forecasting_Artifact\Artifact\data_ingestion\2023-06-12-09-59-02\raw_data\final_data.csv
[2023-06-12 09:59:07,826] root - INFO - >>>>>>>>>>>>>>>>>>>>>>>>>>>>>>>>>>>>>>>>>>>>>>>>>>>>>>>>>>>>Data Validation log started.<<<<<<<<<<<<<<<<<<<<<<<<<<<<<<<<<<<<<<<<<<<<<<<<<<<<<<<<<<<< 


[2023-06-12 09:59:07,826] root - INFO - *****************Ingested data validation Started****************
[2023-06-12 09:59:07,835] root - INFO - Validation Process Started
[2023-06-12 09:59:07,836] root - INFO - Checking filename
[2023-06-12 09:59:07,837] root - INFO - Checking check_column_names
[2023-06-12 09:59:13,425] root - INFO - Checking missing_values_whole_columns
[2023-06-12 09:59:19,622] root - INFO - Checking replacinig_null_values_with_null
[2023-06-12 09:59:28,008] root - INFO - replacinig_null_values_with_null is sucessfully
[2023-06-12 09:59:28,103] root - INFO - Train_set status|is Train filename validated?: True|is train column name validated?: True|whole missing columns?True
[2023-06-12 09:59:28,327] root - INFO - Exported validated  dataset to file: [C:\Users\Sumeet Maheshwari\Desktop\end to end project\Store Sales Forcasting using Time series\store-sales-forcasting\Sales_Forecasting_Artifact\Artifact\data_validation\2023-06-12-09-59-02\validated_data]
[2023-06-12 09:59:28,327] root - INFO - Checking for Data Drift
[2023-06-12 09:59:28,327] root - INFO - Generating data drift report.json file
[2023-06-12 10:00:47,931] root - INFO - Report.json file generation successful!!
[2023-06-12 10:00:48,038] root - INFO - Generating data drift report.html page
[2023-06-12 10:02:27,900] root - INFO - Report.html page generation successful!!
[2023-06-12 10:02:28,020] root - INFO - Data validation artifact: DataValidationArtifact(schema_file_path='C:\\Users\\Sumeet Maheshwari\\Desktop\\end to end project\\Store Sales Forcasting using Time series\\store-sales-forcasting\\config\\schema.yaml', report_file_path='C:\\Users\\Sumeet Maheshwari\\Desktop\\end to end project\\Store Sales Forcasting using Time series\\store-sales-forcasting\\Sales_Forecasting_Artifact\\Artifact\\data_validation\\2023-06-12-09-59-02\\report.json', report_page_file_path='C:\\Users\\Sumeet Maheshwari\\Desktop\\end to end project\\Store Sales Forcasting using Time series\\store-sales-forcasting\\Sales_Forecasting_Artifact\\Artifact\\data_validation\\2023-06-12-09-59-02\\report.html', validated_file_path='C:\\Users\\Sumeet Maheshwari\\Desktop\\end to end project\\Store Sales Forcasting using Time series\\store-sales-forcasting\\Sales_Forecasting_Artifact\\Artifact\\data_validation\\2023-06-12-09-59-02\\validated_data', message='Validated')
[2023-06-12 10:02:28,020] root - INFO - >>>>>>>>>>>>>>>>>>>>>>>>>>>>>>>>>>>>>>>>>>>>>>>>>>>>>>>>>>>>Data Validation log completed.<<<<<<<<<<<<<<<<<<<<<<<<<<<<<<<<<<<<<<<<<<<<<<<<<<<<<<<<<<<<
[2023-06-12 10:02:28,020] root - INFO - Data Transformation Config: DataTransformationConfig(transformed_train_dir='C:\\Users\\Sumeet Maheshwari\\Desktop\\end to end project\\Store Sales Forcasting using Time series\\store-sales-forcasting\\Sales_Forecasting_Artifact\\Artifact\\data_transformation\\2023-06-12-09-59-02\\transformed_data\\train', transformed_test_dir='C:\\Users\\Sumeet Maheshwari\\Desktop\\end to end project\\Store Sales Forcasting using Time series\\store-sales-forcasting\\Sales_Forecasting_Artifact\\Artifact\\data_transformation\\2023-06-12-09-59-02\\transformed_data\\test', time_series_data_file_path='C:\\Users\\Sumeet Maheshwari\\Desktop\\end to end project\\Store Sales Forcasting using Time series\\store-sales-forcasting\\Sales_Forecasting_Artifact\\Artifact\\data_transformation\\2023-06-12-09-59-02\\transformed_data\\time_series_data', preprocessed_object_file_path='C:\\Users\\Sumeet Maheshwari\\Desktop\\end to end project\\Store Sales Forcasting using Time series\\store-sales-forcasting\\Sales_Forecasting_Artifact\\Artifact\\data_transformation\\2023-06-12-09-59-02\\preprocessed\\preprocessed.pkl', feature_engineering_object_file_path='C:\\Users\\Sumeet Maheshwari\\Desktop\\end to end project\\Store Sales Forcasting using Time series\\store-sales-forcasting\\Sales_Forecasting_Artifact\\Artifact\\data_transformation\\2023-06-12-09-59-02\\preprocessed\\feat_eng.pkl')
[2023-06-12 10:02:28,020] root - INFO - 
******************** Data Transformation log started ********************


[2023-06-12 10:02:28,030] root - INFO - Obtaining file from file path 
[2023-06-12 10:02:28,030] root - INFO - Loading Data as pandas dataframe.
[2023-06-12 10:02:37,528] root - INFO -  Data columns Index(['date', 'store_nbr', 'family', 'sales', 'onpromotion', 'holiday_type',
       'locale', 'locale_name', 'description', 'transferred', 'oil_price',
       'city', 'state', 'store_type', 'cluster', 'transactions', 'year',
       'month', 'week', 'quarter', 'day_of_week'],
      dtype='object')
[2023-06-12 10:02:37,528] root - INFO - Numerical columns: ['store_nbr', 'onpromotion', 'oil_price', 'cluster', 'transactions']
[2023-06-12 10:02:37,528] root - INFO - Categorical columns: ['family', 'holiday_type', 'locale', 'locale_name', 'description', 'city', 'state', 'store_type', 'transferred']
[2023-06-12 10:02:37,528] root - INFO - Target Column: ['sales']
[2023-06-12 10:02:37,528] root - INFO - Date column :['date']
[2023-06-12 10:02:37,528] root - INFO - All columns: ['store_nbr', 'onpromotion', 'oil_price', 'cluster', 'transactions', 'family', 'holiday_type', 'locale', 'locale_name', 'description', 'city', 'state', 'store_type', 'transferred', 'date', 'sales']
[2023-06-12 10:02:38,197] root - INFO - Obtaining feature engineering object.
[2023-06-12 10:02:38,197] root - INFO - 
******************** Feature Engneering Started ********************


[2023-06-12 10:02:38,198] root - INFO -  Numerical Columns , Categorical Columns , Target Column initialised in Feature engineering Pipeline 
[2023-06-12 10:02:38,198] root - INFO - <class 'sklearn.pipeline.Pipeline'>
[2023-06-12 10:02:38,198] root - INFO - Feature engineering object droping unwanted columns
[2023-06-12 10:02:38,198] root - INFO - Applying feature engineering object on training dataframe and testing dataframe
[2023-06-12 10:02:38,198] root - INFO - >>>>>>>>>>>>>>>>>>>>>>>>>>>>>>>>>>>>>>>>>>>>>>>>>>>>>>>>>>>> Training data <<<<<<<<<<<<<<<<<<<<<<<<<<<<<<<<<<<<<<<<<<<<<<<<<<<<<<<<<<<<
[2023-06-12 10:02:38,199] root - INFO - Feature Enineering - Train Data 
[2023-06-12 10:02:38,199] root - INFO - Columns not found: ['year', 'month', 'week', 'quarter', 'day_of_week']
[2023-06-12 10:02:38,942] root - INFO -  Oil Price column renamed 
[2023-06-12 10:02:38,962] root - INFO -    store_nbr  onpromotion  oil_price  cluster  transactions  ...      state store_type transferred       date sales
0          1            0      93.14       13   1697.071441  ...  Pichincha          D       False 2013-01-01   0.0
1          1            0      93.14       13   1697.071441  ...  Pichincha          D       False 2013-01-01   0.0
2          1            0      93.14       13   1697.071441  ...  Pichincha          D       False 2013-01-01   0.0
3          1            0      93.14       13   1697.071441  ...  Pichincha          D       False 2013-01-01   0.0
4          1            0      93.14       13   1697.071441  ...  Pichincha          D       False 2013-01-01   0.0

[5 rows x 16 columns]
[2023-06-12 10:02:42,970] root - INFO - Shape before removing duplicates: (3054348, 16)
[2023-06-12 10:02:42,970] root - INFO - Shape after removing duplicates: (3054348, 16)
[2023-06-12 10:02:42,971] root - INFO - Count of duplicate values: 0
[2023-06-12 10:02:47,334] root - INFO - No missing values found in the dataframe.
[2023-06-12 10:02:47,334] root - INFO - 'id' column not found. Skipping dropping operation.
[2023-06-12 10:02:47,334] root - INFO - Dropping rows with null values...
[2023-06-12 10:02:47,334] root - INFO - Resetting DataFrame index...
[2023-06-12 10:02:47,334] root - INFO - Columns dropped, null values removed, and index reset.
[2023-06-12 10:02:47,369] root - INFO - Top 5 rows of df: 
    store_nbr  onpromotion  oil_price  cluster  transactions  ...      state store_type transferred       date sales
0          1            0      93.14       13   1697.071441  ...  Pichincha          D       False 2013-01-01   0.0
1          1            0      93.14       13   1697.071441  ...  Pichincha          D       False 2013-01-01   0.0
2          1            0      93.14       13   1697.071441  ...  Pichincha          D       False 2013-01-01   0.0
3          1            0      93.14       13   1697.071441  ...  Pichincha          D       False 2013-01-01   0.0
4          1            0      93.14       13   1697.071441  ...  Pichincha          D       False 2013-01-01   0.0

[5 rows x 16 columns]
[2023-06-12 10:02:47,369] root - INFO - Handling missing values in 'transactions' column...
[2023-06-12 10:02:47,449] root - INFO - Checking 'oil_price' column for missing values...
[2023-06-12 10:02:47,463] root - INFO - Number of missing values: 0
[2023-06-12 10:02:47,463] root - INFO - interpolate missing values in 'oil_price' column...
[2023-06-12 10:02:47,519] root - INFO - Number of missing values after filling: 0
[2023-06-12 10:02:47,760] root - INFO - 0    Holiday
Name: holiday_type, dtype: object
[2023-06-12 10:02:47,760] root - INFO - Filling missing values in 'holiday_type' column with mode...
[2023-06-12 10:02:48,193] root - INFO - Filling missing values in 'locale' column with mode...
[2023-06-12 10:02:48,588] root - INFO - Filling missing values in 'locale_name' column with mode...
[2023-06-12 10:02:49,033] root - INFO - Filling missing values in 'description' column with mode...
[2023-06-12 10:02:49,471] root - INFO - Filling missing values in 'transferred' column with mode...
[2023-06-12 10:02:49,499] root - INFO - Missing values handled.
[2023-06-12 10:02:49,853] root - INFO - Column 'family' converted to 'category' data type.
[2023-06-12 10:02:50,197] root - INFO - Column 'holiday_type' converted to 'category' data type.
[2023-06-12 10:02:50,521] root - INFO - Column 'locale' converted to 'category' data type.
[2023-06-12 10:02:50,805] root - INFO - Column 'locale_name' converted to 'category' data type.
[2023-06-12 10:02:51,099] root - INFO - Column 'description' converted to 'category' data type.
[2023-06-12 10:02:51,418] root - INFO - Column 'city' converted to 'category' data type.
[2023-06-12 10:02:51,678] root - INFO - Column 'state' converted to 'category' data type.
[2023-06-12 10:02:51,837] root - INFO - Column 'store_type' converted to 'category' data type.
[2023-06-12 10:02:51,913] root - INFO - Column 'transferred' converted to 'category' data type.
[2023-06-12 10:02:51,913] root - INFO - Dropping unwanted columns form dataframe
[2023-06-12 10:03:43,343] root - INFO - Mapping unique values of categorical columns:
[2023-06-12 10:03:43,383] root - INFO - Column: 'family', Unique Values: ['AUTOMOTIVE', 'BABY CARE', 'BEAUTY', 'BEVERAGES', 'BOOKS', ..., 'POULTRY', 'PREPARED FOODS', 'PRODUCE', 'SCHOOL AND OFFICE SUPPLIES', 'SEAFOOD']
Length: 33
Categories (33, object): ['AUTOMOTIVE', 'BABY CARE', 'BEAUTY', 'BEVERAGES', ..., 'PREPARED FOODS',
                          'PRODUCE', 'SCHOOL AND OFFICE SUPPLIES', 'SEAFOOD']
[2023-06-12 10:03:43,433] root - INFO - Column: 'holiday_type', Unique Values: ['Holiday', 'Work Day', 'Additional', 'Event', 'Transfer', 'Bridge']
Categories (6, object): ['Additional', 'Bridge', 'Event', 'Holiday', 'Transfer', 'Work Day']
[2023-06-12 10:03:43,477] root - INFO - Column: 'store_type', Unique Values: ['D', 'C', 'B', 'E', 'A']
Categories (5, object): ['A', 'B', 'C', 'D', 'E']
[2023-06-12 10:03:43,495] root - INFO -    store_nbr  onpromotion  oil_price  cluster  transactions family holiday_type store_type       date  sales
0          1            0      93.14       13   1697.071441      0            0          0 2013-01-01    0.0
1          1            0      93.14       13   1697.071441      1            0          0 2013-01-01    0.0
2          1            0      93.14       13   1697.071441      2            0          0 2013-01-01    0.0
3          1            0      93.14       13   1697.071441      3            0          0 2013-01-01    0.0
4          1            0      93.14       13   1697.071441      4            0          0 2013-01-01    0.0
[2023-06-12 10:03:43,495] root - INFO -  Data Modification Done
[2023-06-12 10:03:43,495] root - INFO - Column Data Types:
[2023-06-12 10:03:43,496] root - INFO - Column: 'store_nbr': int64
[2023-06-12 10:03:43,496] root - INFO - Column: 'onpromotion': int64
[2023-06-12 10:03:43,496] root - INFO - Column: 'oil_price': float64
[2023-06-12 10:03:43,496] root - INFO - Column: 'cluster': int64
[2023-06-12 10:03:43,496] root - INFO - Column: 'transactions': float64
[2023-06-12 10:03:43,496] root - INFO - Column: 'family': category
[2023-06-12 10:03:43,496] root - INFO - Column: 'holiday_type': category
[2023-06-12 10:03:43,496] root - INFO - Column: 'store_type': category
[2023-06-12 10:03:43,497] root - INFO - Column: 'date': datetime64[ns]
[2023-06-12 10:03:43,497] root - INFO - Column: 'sales': float64
[2023-06-12 10:03:43,610] root - INFO - Data Wrangling Done
[2023-06-12 10:03:50,707] root - INFO - Converting featured engineered array into dataframe.
[2023-06-12 10:03:52,809] root - INFO - Feature Engineering - Train Completed
[2023-06-12 10:03:52,810] root - INFO - Index(['store_nbr', 'onpromotion', 'oil_price', 'cluster', 'transactions',
       'family', 'holiday_type', 'locale', 'locale_name', 'description',
       'city', 'state', 'store_type', 'transferred', 'date', 'sales'],
      dtype='object')
[2023-06-12 10:03:55,191] root - INFO -  X_Train_Shape :(2443478, 8) Y_Train_Shape : (2443478, 1)
[2023-06-12 10:03:55,192] root - INFO -  X_Test_Shape :(610870, 8) Y_Test_Shape : (610870, 1)
[2023-06-12 10:03:55,193] root - INFO - Input Columns in Split data : Index(['store_nbr', 'onpromotion', 'oil_price', 'cluster', 'transactions',
       'family', 'holiday_type', 'store_type'],
      dtype='object')| Target Column Index(['sales'], dtype='object')
[2023-06-12 10:03:55,193] root - INFO - Applying preprocessing object on training dataframe and testing dataframe
[2023-06-12 10:03:55,193] root - INFO - Creating Data Transformer Object
[2023-06-12 10:04:05,542] root - INFO - Saving Transformed Train and Transformed test file
[2023-06-12 10:04:45,136] root - INFO - Transformed Train and Transformed test file saved
[2023-06-12 10:04:45,137] root - INFO - Saving Feature Engineering Object
[2023-06-12 10:04:45,142] root - INFO - Saving Preprocessing Object
[2023-06-12 10:04:45,147] root - INFO - Data Transformation Artifact: DataTransformationArtifact(message='Data transformation successfull.', transformed_train_file_path='C:\\Users\\Sumeet Maheshwari\\Desktop\\end to end project\\Store Sales Forcasting using Time series\\store-sales-forcasting\\Sales_Forecasting_Artifact\\Artifact\\data_transformation\\2023-06-12-09-59-02\\transformed_data\\train\\transformed_train.csv', transformed_test_file_path='C:\\Users\\Sumeet Maheshwari\\Desktop\\end to end project\\Store Sales Forcasting using Time series\\store-sales-forcasting\\Sales_Forecasting_Artifact\\Artifact\\data_transformation\\2023-06-12-09-59-02\\transformed_data\\test\\transformed_test.csv', time_series_data_file_path='C:\\Users\\Sumeet Maheshwari\\Desktop\\end to end project\\Store Sales Forcasting using Time series\\store-sales-forcasting\\Sales_Forecasting_Artifact\\Artifact\\data_transformation\\2023-06-12-09-59-02\\transformed_data\\time_series_data\\time_series_data.csv', preprocessed_object_file_path='C:\\Users\\Sumeet Maheshwari\\Desktop\\end to end project\\Store Sales Forcasting using Time series\\store-sales-forcasting\\Sales_Forecasting_Artifact\\Artifact\\data_transformation\\2023-06-12-09-59-02\\preprocessed\\preprocessed.pkl', feature_engineering_object_file_path='C:\\Users\\Sumeet Maheshwari\\Desktop\\end to end project\\Store Sales Forcasting using Time series\\store-sales-forcasting\\Sales_Forecasting_Artifact\\Artifact\\data_transformation\\2023-06-12-09-59-02\\preprocessed\\feat_eng.pkl')
[2023-06-12 10:04:47,227] root - INFO - 
******************** Data Transformation log completed ********************


[2023-06-12 10:04:47,227] root - INFO - Model Trainer Config : ModelTrainerConfig(trained_model_file_path='C:\\Users\\Sumeet Maheshwari\\Desktop\\end to end project\\Store Sales Forcasting using Time series\\store-sales-forcasting\\Sales_Forecasting_Artifact\\Artifact\\model_training\\2023-06-12-09-59-02\\trained_model\\model.pkl')
[2023-06-12 10:04:47,227] root - INFO - 
******************** Model Training started ********************


[2023-06-12 10:04:47,227] root - INFO - Finding transformed Training and Test
[2023-06-12 10:04:47,227] root - INFO - Transformed Data found!!! Now, converting it into dataframe
[2023-06-12 10:04:52,188] root - INFO - Splitting Input features and Target Feature for train and test data
[2023-06-12 10:04:52,296] root - INFO - Best Model Finder function called
[2023-06-12 10:04:52,296] root - INFO - Fitting Random Forest...
