[2023-06-12 08:50:19,555] root - INFO - Training pipleine config: TrainingPipelineConfig(artifact_dir='C:\\Users\\Sumeet Maheshwari\\Desktop\\end to end project\\Store Sales Forcasting using Time series\\store-sales-forcasting\\Sales_Forecasting_Artifact\\Artifact')
[2023-06-12 08:50:19,556] root - INFO - Data Ingestion config: DataIngestionConfig(raw_data_dir='C:\\Users\\Sumeet Maheshwari\\Desktop\\end to end project\\Store Sales Forcasting using Time series\\store-sales-forcasting\\Sales_Forecasting_Artifact\\Artifact\\data_ingestion\\2023-06-12-08-50-15\\raw_data', ingested_data_dir='C:\\Users\\Sumeet Maheshwari\\Desktop\\end to end project\\Store Sales Forcasting using Time series\\store-sales-forcasting\\Sales_Forecasting_Artifact\\Artifact\\data_ingestion\\2023-06-12-08-50-15\\ingested_data')
[2023-06-12 08:50:19,557] root - INFO - >>>>>>>>>>>>>>>>>>>>>>>>>>>>>>>>>>>>>>>>>>>>>>>>>>>>>>>>>>>>Data Ingestion log started.<<<<<<<<<<<<<<<<<<<<<<<<<<<<<<<<<<<<<<<<<<<<<<<<<<<<<<<<<<<< 


[2023-06-12 08:50:19,791] root - INFO - Data Ingestion Artifact
[2023-06-12 08:50:19,791] root - INFO - File Path : C:\Users\Sumeet Maheshwari\Desktop\Store sales Forecasting (2)\Jup_Notebook\Merged_dataset\outlier_clean.csv
[2023-06-12 08:50:19,791] root - INFO - File Name: final_data.csv
[2023-06-12 08:50:19,792] root - INFO - File Ingested File Path: C:\Users\Sumeet Maheshwari\Desktop\end to end project\Store Sales Forcasting using Time series\store-sales-forcasting\Sales_Forecasting_Artifact\Artifact\data_ingestion\2023-06-12-08-50-15\raw_data\final_data.csv
[2023-06-12 08:50:19,792] root - INFO - >>>>>>>>>>>>>>>>>>>>>>>>>>>>>>>>>>>>>>>>>>>>>>>>>>>>>>>>>>>>Data Validation log started.<<<<<<<<<<<<<<<<<<<<<<<<<<<<<<<<<<<<<<<<<<<<<<<<<<<<<<<<<<<< 


[2023-06-12 08:50:19,792] root - INFO - *****************Ingested data validation Started****************
[2023-06-12 08:50:19,795] root - INFO - Validation Process Started
[2023-06-12 08:50:19,797] root - INFO - Checking filename
[2023-06-12 08:50:19,797] root - INFO - Checking check_column_names
[2023-06-12 08:50:26,338] root - INFO - Checking missing_values_whole_columns
[2023-06-12 08:50:34,737] root - INFO - Checking replacinig_null_values_with_null
[2023-06-12 08:50:50,154] root - INFO - replacinig_null_values_with_null is sucessfully
[2023-06-12 08:50:50,333] root - INFO - Train_set status|is Train filename validated?: True|is train column name validated?: True|whole missing columns?True
[2023-06-12 08:50:50,785] root - INFO - Exported validated  dataset to file: [C:\Users\Sumeet Maheshwari\Desktop\end to end project\Store Sales Forcasting using Time series\store-sales-forcasting\Sales_Forecasting_Artifact\Artifact\data_validation\2023-06-12-08-50-15\validated_data]
[2023-06-12 08:50:50,785] root - INFO - Checking for Data Drift
[2023-06-12 08:50:50,786] root - INFO - Generating data drift report.json file
[2023-06-12 08:51:46,123] root - INFO - Report.json file generation successful!!
[2023-06-12 08:51:46,189] root - INFO - Generating data drift report.html page
[2023-06-12 08:53:12,800] root - INFO - Report.html page generation successful!!
[2023-06-12 08:53:13,012] root - INFO - Data validation artifact: DataValidationArtifact(schema_file_path='C:\\Users\\Sumeet Maheshwari\\Desktop\\end to end project\\Store Sales Forcasting using Time series\\store-sales-forcasting\\config\\schema.yaml', report_file_path='C:\\Users\\Sumeet Maheshwari\\Desktop\\end to end project\\Store Sales Forcasting using Time series\\store-sales-forcasting\\Sales_Forecasting_Artifact\\Artifact\\data_validation\\2023-06-12-08-50-15\\report.json', report_page_file_path='C:\\Users\\Sumeet Maheshwari\\Desktop\\end to end project\\Store Sales Forcasting using Time series\\store-sales-forcasting\\Sales_Forecasting_Artifact\\Artifact\\data_validation\\2023-06-12-08-50-15\\report.html', validated_file_path='C:\\Users\\Sumeet Maheshwari\\Desktop\\end to end project\\Store Sales Forcasting using Time series\\store-sales-forcasting\\Sales_Forecasting_Artifact\\Artifact\\data_validation\\2023-06-12-08-50-15\\validated_data', message='Validated')
[2023-06-12 08:53:13,012] root - INFO - >>>>>>>>>>>>>>>>>>>>>>>>>>>>>>>>>>>>>>>>>>>>>>>>>>>>>>>>>>>>Data Validation log completed.<<<<<<<<<<<<<<<<<<<<<<<<<<<<<<<<<<<<<<<<<<<<<<<<<<<<<<<<<<<<
[2023-06-12 08:53:13,013] root - INFO - Data Transformation Config: DataTransformationConfig(transformed_train_dir='C:\\Users\\Sumeet Maheshwari\\Desktop\\end to end project\\Store Sales Forcasting using Time series\\store-sales-forcasting\\Sales_Forecasting_Artifact\\Artifact\\data_transformation\\2023-06-12-08-50-15\\transformed_data\\train', transformed_test_dir='C:\\Users\\Sumeet Maheshwari\\Desktop\\end to end project\\Store Sales Forcasting using Time series\\store-sales-forcasting\\Sales_Forecasting_Artifact\\Artifact\\data_transformation\\2023-06-12-08-50-15\\transformed_data\\test', time_series_data_file_path='C:\\Users\\Sumeet Maheshwari\\Desktop\\end to end project\\Store Sales Forcasting using Time series\\store-sales-forcasting\\Sales_Forecasting_Artifact\\Artifact\\data_transformation\\2023-06-12-08-50-15\\transformed_data\\time_series_data', preprocessed_object_file_path='C:\\Users\\Sumeet Maheshwari\\Desktop\\end to end project\\Store Sales Forcasting using Time series\\store-sales-forcasting\\Sales_Forecasting_Artifact\\Artifact\\data_transformation\\2023-06-12-08-50-15\\preprocessed\\preprocessed.pkl', feature_engineering_object_file_path='C:\\Users\\Sumeet Maheshwari\\Desktop\\end to end project\\Store Sales Forcasting using Time series\\store-sales-forcasting\\Sales_Forecasting_Artifact\\Artifact\\data_transformation\\2023-06-12-08-50-15\\preprocessed\\feat_eng.pkl')
[2023-06-12 08:53:13,013] root - INFO - 
******************** Data Transformation log started ********************


[2023-06-12 08:53:13,030] root - INFO - Obtaining file from file path 
[2023-06-12 08:53:13,030] root - INFO - Loading Data as pandas dataframe.
[2023-06-12 08:53:25,423] root - INFO -  Data columns Index(['date', 'store_nbr', 'family', 'sales', 'onpromotion', 'holiday_type',
       'locale', 'locale_name', 'description', 'transferred', 'oil_price',
       'city', 'state', 'store_type', 'cluster', 'transactions', 'year',
       'month', 'week', 'quarter', 'day_of_week'],
      dtype='object')
[2023-06-12 08:53:25,424] root - INFO - Numerical columns: ['store_nbr', 'onpromotion', 'oil_price', 'cluster', 'transactions']
[2023-06-12 08:53:25,424] root - INFO - Categorical columns: ['family', 'holiday_type', 'locale', 'locale_name', 'description', 'city', 'state', 'store_type', 'transferred']
[2023-06-12 08:53:25,424] root - INFO - Target Column: ['sales']
[2023-06-12 08:53:25,424] root - INFO - Date column :['date']
[2023-06-12 08:53:25,424] root - INFO - All columns: ['store_nbr', 'onpromotion', 'oil_price', 'cluster', 'transactions', 'family', 'holiday_type', 'locale', 'locale_name', 'description', 'city', 'state', 'store_type', 'transferred', 'date', 'sales']
[2023-06-12 08:53:25,799] root - INFO - Obtaining feature engineering object.
[2023-06-12 08:53:25,799] root - INFO - 
******************** Feature Engneering Started ********************


[2023-06-12 08:53:25,799] root - INFO -  Numerical Columns , Categorical Columns , Target Column initialised in Feature engineering Pipeline 
[2023-06-12 08:53:25,799] root - INFO - <class 'sklearn.pipeline.Pipeline'>
[2023-06-12 08:53:25,799] root - INFO - Feature engineering object droping unwanted columns
[2023-06-12 08:53:25,799] root - INFO - Applying feature engineering object on training dataframe and testing dataframe
[2023-06-12 08:53:25,799] root - INFO - >>>>>>>>>>>>>>>>>>>>>>>>>>>>>>>>>>>>>>>>>>>>>>>>>>>>>>>>>>>> Training data <<<<<<<<<<<<<<<<<<<<<<<<<<<<<<<<<<<<<<<<<<<<<<<<<<<<<<<<<<<<
[2023-06-12 08:53:25,799] root - INFO - Feature Enineering - Train Data 
[2023-06-12 08:53:25,799] root - INFO - Columns not found: ['year', 'month', 'week', 'quarter', 'day_of_week']
[2023-06-12 08:53:26,311] root - INFO -  Oil Price column renamed 
[2023-06-12 08:53:26,329] root - INFO -    store_nbr  onpromotion  oil_price  cluster  transactions  ...      state store_type transferred       date sales
0          1            0      93.14       13   1697.071441  ...  Pichincha          D       False 2013-01-01   0.0
1          1            0      93.14       13   1697.071441  ...  Pichincha          D       False 2013-01-01   0.0
2          1            0      93.14       13   1697.071441  ...  Pichincha          D       False 2013-01-01   0.0
3          1            0      93.14       13   1697.071441  ...  Pichincha          D       False 2013-01-01   0.0
4          1            0      93.14       13   1697.071441  ...  Pichincha          D       False 2013-01-01   0.0

[5 rows x 16 columns]
[2023-06-12 08:53:28,698] root - INFO - Shape before removing duplicates: (3054348, 16)
[2023-06-12 08:53:28,698] root - INFO - Shape after removing duplicates: (3054348, 16)
[2023-06-12 08:53:28,698] root - INFO - Count of duplicate values: 0
[2023-06-12 08:53:31,083] root - INFO - No missing values found in the dataframe.
[2023-06-12 08:53:31,084] root - INFO - 'id' column not found. Skipping dropping operation.
[2023-06-12 08:53:31,084] root - INFO - Dropping rows with null values...
[2023-06-12 08:53:31,084] root - INFO - Resetting DataFrame index...
[2023-06-12 08:53:31,084] root - INFO - Columns dropped, null values removed, and index reset.
[2023-06-12 08:53:31,097] root - INFO - Top 5 rows of df: 
    store_nbr  onpromotion  oil_price  cluster  transactions  ...      state store_type transferred       date sales
0          1            0      93.14       13   1697.071441  ...  Pichincha          D       False 2013-01-01   0.0
1          1            0      93.14       13   1697.071441  ...  Pichincha          D       False 2013-01-01   0.0
2          1            0      93.14       13   1697.071441  ...  Pichincha          D       False 2013-01-01   0.0
3          1            0      93.14       13   1697.071441  ...  Pichincha          D       False 2013-01-01   0.0
4          1            0      93.14       13   1697.071441  ...  Pichincha          D       False 2013-01-01   0.0

[5 rows x 16 columns]
[2023-06-12 08:53:31,097] root - INFO - Handling missing values in 'transactions' column...
[2023-06-12 08:53:31,135] root - INFO - Checking 'oil_price' column for missing values...
[2023-06-12 08:53:31,141] root - INFO - Number of missing values: 0
[2023-06-12 08:53:31,141] root - INFO - interpolate missing values in 'oil_price' column...
[2023-06-12 08:53:31,171] root - INFO - Number of missing values after filling: 0
[2023-06-12 08:53:31,307] root - INFO - 0    Holiday
Name: holiday_type, dtype: object
[2023-06-12 08:53:31,307] root - INFO - Filling missing values in 'holiday_type' column with mode...
[2023-06-12 08:53:31,538] root - INFO - Filling missing values in 'locale' column with mode...
[2023-06-12 08:53:31,766] root - INFO - Filling missing values in 'locale_name' column with mode...
[2023-06-12 08:53:31,981] root - INFO - Filling missing values in 'description' column with mode...
[2023-06-12 08:53:32,205] root - INFO - Filling missing values in 'transferred' column with mode...
[2023-06-12 08:53:32,221] root - INFO - Missing values handled.
[2023-06-12 08:53:32,489] root - INFO - Column 'family' converted to 'category' data type.
[2023-06-12 08:53:32,702] root - INFO - Column 'holiday_type' converted to 'category' data type.
[2023-06-12 08:53:32,907] root - INFO - Column 'locale' converted to 'category' data type.
[2023-06-12 08:53:33,081] root - INFO - Column 'locale_name' converted to 'category' data type.
[2023-06-12 08:53:33,258] root - INFO - Column 'description' converted to 'category' data type.
[2023-06-12 08:53:33,408] root - INFO - Column 'city' converted to 'category' data type.
[2023-06-12 08:53:33,550] root - INFO - Column 'state' converted to 'category' data type.
[2023-06-12 08:53:33,649] root - INFO - Column 'store_type' converted to 'category' data type.
[2023-06-12 08:53:33,692] root - INFO - Column 'transferred' converted to 'category' data type.
[2023-06-12 08:53:33,692] root - INFO - Dropping unwanted columns form dataframe
[2023-06-12 08:54:04,566] root - INFO - Mapping unique values of categorical columns:
[2023-06-12 08:54:04,592] root - INFO - Column: 'family', Unique Values: ['AUTOMOTIVE', 'BABY CARE', 'BEAUTY', 'BEVERAGES', 'BOOKS', ..., 'POULTRY', 'PREPARED FOODS', 'PRODUCE', 'SCHOOL AND OFFICE SUPPLIES', 'SEAFOOD']
Length: 33
Categories (33, object): ['AUTOMOTIVE', 'BABY CARE', 'BEAUTY', 'BEVERAGES', ..., 'PREPARED FOODS',
                          'PRODUCE', 'SCHOOL AND OFFICE SUPPLIES', 'SEAFOOD']
[2023-06-12 08:54:04,619] root - INFO - Column: 'holiday_type', Unique Values: ['Holiday', 'Work Day', 'Additional', 'Event', 'Transfer', 'Bridge']
Categories (6, object): ['Additional', 'Bridge', 'Event', 'Holiday', 'Transfer', 'Work Day']
[2023-06-12 08:54:04,644] root - INFO - Column: 'store_type', Unique Values: ['D', 'C', 'B', 'E', 'A']
Categories (5, object): ['A', 'B', 'C', 'D', 'E']
[2023-06-12 08:54:04,652] root - INFO -    store_nbr  onpromotion  oil_price  cluster  transactions family holiday_type store_type       date  sales
0          1            0      93.14       13   1697.071441      0            0          0 2013-01-01    0.0
1          1            0      93.14       13   1697.071441      1            0          0 2013-01-01    0.0
2          1            0      93.14       13   1697.071441      2            0          0 2013-01-01    0.0
3          1            0      93.14       13   1697.071441      3            0          0 2013-01-01    0.0
4          1            0      93.14       13   1697.071441      4            0          0 2013-01-01    0.0
[2023-06-12 08:54:04,652] root - INFO -  Data Modification Done
[2023-06-12 08:54:04,652] root - INFO - Column Data Types:
[2023-06-12 08:54:04,652] root - INFO - Column: 'store_nbr': int64
[2023-06-12 08:54:04,652] root - INFO - Column: 'onpromotion': int64
[2023-06-12 08:54:04,652] root - INFO - Column: 'oil_price': float64
[2023-06-12 08:54:04,652] root - INFO - Column: 'cluster': int64
[2023-06-12 08:54:04,652] root - INFO - Column: 'transactions': float64
[2023-06-12 08:54:04,652] root - INFO - Column: 'family': category
[2023-06-12 08:54:04,652] root - INFO - Column: 'holiday_type': category
[2023-06-12 08:54:04,652] root - INFO - Column: 'store_type': category
[2023-06-12 08:54:04,652] root - INFO - Column: 'date': datetime64[ns]
[2023-06-12 08:54:04,652] root - INFO - Column: 'sales': float64
[2023-06-12 08:54:04,737] root - INFO - Data Wrangling Done
[2023-06-12 08:54:08,960] root - INFO - Converting featured engineered array into dataframe.
[2023-06-12 08:54:10,178] root - INFO - Feature Engineering - Train Completed
[2023-06-12 08:54:10,179] root - INFO - Index(['store_nbr', 'onpromotion', 'oil_price', 'cluster', 'transactions',
       'family', 'holiday_type', 'locale', 'locale_name', 'description',
       'city', 'state', 'store_type', 'transferred', 'date', 'sales'],
      dtype='object')
[2023-06-12 08:54:11,449] root - INFO -  X_Train_Shape :(2443478, 8) Y_Train_Shape : (2443478, 1)
[2023-06-12 08:54:11,449] root - INFO -  X_Test_Shape :(610870, 8) Y_Test_Shape : (610870, 1)
[2023-06-12 08:54:11,450] root - INFO - Input Columns in Split data : Index(['store_nbr', 'onpromotion', 'oil_price', 'cluster', 'transactions',
       'family', 'holiday_type', 'store_type'],
      dtype='object')| Target Column Index(['sales'], dtype='object')
[2023-06-12 08:54:11,450] root - INFO - Applying preprocessing object on training dataframe and testing dataframe
[2023-06-12 08:54:11,450] root - INFO - Creating Data Transformer Object
[2023-06-12 08:54:17,337] root - ERROR - 
                        error occured in script: 
                        [C:\Users\Sumeet Maheshwari\Desktop\end to end project\Store Sales Forcasting using Time series\store-sales-forcasting\store_sales\pipeline\training_pipeline.py] at 
                        try block line number: [91] execption block line number: [98]
                        error message: [
                        error occured in script: 
                        [C:\Users\Sumeet Maheshwari\Desktop\end to end project\Store Sales Forcasting using Time series\store-sales-forcasting\store_sales\pipeline\training_pipeline.py] at 
                        try block line number: [63] execption block line number: [65]
                        error message: [
                        error occured in script: 
                        [C:\Users\Sumeet Maheshwari\Desktop\end to end project\Store Sales Forcasting using Time series\store-sales-forcasting\store_sales\components\data_transformation.py] at 
                        try block line number: [529] execption block line number: [574]
                        error message: [Shape of passed values is (2443478, 9), indices imply (2443478, 15)]]]
[2023-06-12 08:54:18,742] root - INFO - 
******************** Data Transformation log completed ********************


