[2023-06-09 10:27:16,617] root - INFO - Training pipleine config: TrainingPipelineConfig(artifact_dir='C:\\Users\\Sumeet Maheshwari\\Desktop\\end to end project\\Store Sales Forcasting using Time series\\store-sales-forcasting\\Sales_Forecasting_Artifact\\Artifact')
[2023-06-09 10:27:16,617] root - INFO - Data Ingestion config: DataIngestionConfig(raw_data_dir='C:\\Users\\Sumeet Maheshwari\\Desktop\\end to end project\\Store Sales Forcasting using Time series\\store-sales-forcasting\\Sales_Forecasting_Artifact\\Artifact\\data_ingestion\\2023-06-09-10-27-12\\raw_data', ingested_data_dir='C:\\Users\\Sumeet Maheshwari\\Desktop\\end to end project\\Store Sales Forcasting using Time series\\store-sales-forcasting\\Sales_Forecasting_Artifact\\Artifact\\data_ingestion\\2023-06-09-10-27-12\\ingested_data')
[2023-06-09 10:27:16,618] root - INFO - >>>>>>>>>>>>>>>>>>>>>>>>>>>>>>>>>>>>>>>>>>>>>>>>>>>>>>>>>>>>Data Ingestion log started.<<<<<<<<<<<<<<<<<<<<<<<<<<<<<<<<<<<<<<<<<<<<<<<<<<<<<<<<<<<< 


[2023-06-09 10:27:16,830] root - INFO - Data Ingestion Artifact
[2023-06-09 10:27:16,830] root - INFO - File Path : C:\Users\Sumeet Maheshwari\Desktop\dataset\data_dump\data-dump\final.csv
[2023-06-09 10:27:16,830] root - INFO - File Name: final_data.csv
[2023-06-09 10:27:16,830] root - INFO - File Ingested File Path: C:\Users\Sumeet Maheshwari\Desktop\end to end project\Store Sales Forcasting using Time series\store-sales-forcasting\Sales_Forecasting_Artifact\Artifact\data_ingestion\2023-06-09-10-27-12\raw_data\final_data.csv
[2023-06-09 10:27:16,830] root - INFO - >>>>>>>>>>>>>>>>>>>>>>>>>>>>>>>>>>>>>>>>>>>>>>>>>>>>>>>>>>>>Data Validation log started.<<<<<<<<<<<<<<<<<<<<<<<<<<<<<<<<<<<<<<<<<<<<<<<<<<<<<<<<<<<< 


[2023-06-09 10:27:16,836] root - INFO - Validation Process Started
[2023-06-09 10:27:32,347] root - INFO - Train_set status|is Train filename validated?: True|is train column name validated?: False|whole missing columns?True
[2023-06-09 10:27:32,347] root - INFO - Check yout Data! Validation Failed
[2023-06-09 10:27:32,348] root - ERROR - 
                        error occured in script: 
                        [C:\Users\Sumeet Maheshwari\Desktop\end to end project\Store Sales Forcasting using Time series\store-sales-forcasting\store_sales\pipeline\training_pipeline.py] at 
                        try block line number: [59] execption block line number: [66]
                        error message: [
                        error occured in script: 
                        [C:\Users\Sumeet Maheshwari\Desktop\end to end project\Store Sales Forcasting using Time series\store-sales-forcasting\store_sales\pipeline\training_pipeline.py] at 
                        try block line number: [50] execption block line number: [52]
                        error message: [
                        error occured in script: 
                        [C:\Users\Sumeet Maheshwari\Desktop\end to end project\Store Sales Forcasting using Time series\store-sales-forcasting\store_sales\components\data_validation.py] at 
                        try block line number: [168] execption block line number: [187]
                        error message: [
                        error occured in script: 
                        [C:\Users\Sumeet Maheshwari\Desktop\end to end project\Store Sales Forcasting using Time series\store-sales-forcasting\store_sales\components\data_validation.py] at 
                        try block line number: [106] execption block line number: [112]
                        error message: [Check your data! Validation failed]]]]
[2023-06-09 10:27:32,350] root - INFO - >>>>>>>>>>>>>>>>>>>>>>>>>>>>>>>>>>>>>>>>>>>>>>>>>>>>>>>>>>>>Data Validation log completed.<<<<<<<<<<<<<<<<<<<<<<<<<<<<<<<<<<<<<<<<<<<<<<<<<<<<<<<<<<<<
